The system is: Linux - 4.18.0-513.24.1.el8_9.x86_64 - x86_64
Compiling the C compiler identification source file "CMakeCCompilerId.c" succeeded.
Compiler: /apps/all/NVHPC/24.3-CUDA-12.3.0/Linux_x86_64/24.3/compilers/bin/pgcc 
Build flags: -O3;-fPIC;-tp=zen2
Id flags:  

The output was:
0


Compilation of the C compiler identification source "CMakeCCompilerId.c" produced "a.out"

The C compiler identification is NVHPC, found in "/home/xkrato61/pcg/PCG-proj2/build/CMakeFiles/3.24.3/CompilerIdC/a.out"

Compiling the CXX compiler identification source file "CMakeCXXCompilerId.cpp" succeeded.
Compiler: /apps/all/NVHPC/24.3-CUDA-12.3.0/Linux_x86_64/24.3/compilers/bin/nvc++ 
Build flags: -O3;-fPIC;-tp=zen2
Id flags:  

The output was:
0


Compilation of the CXX compiler identification source "CMakeCXXCompilerId.cpp" produced "a.out"

The CXX compiler identification is NVHPC, found in "/home/xkrato61/pcg/PCG-proj2/build/CMakeFiles/3.24.3/CompilerIdCXX/a.out"

Detecting C compiler ABI info compiled with the following output:
Change Dir: /home/xkrato61/pcg/PCG-proj2/build/CMakeFiles/CMakeTmp

Run Build Command(s):/usr/bin/gmake -f Makefile cmTC_9a762/fast && /usr/bin/gmake  -f CMakeFiles/cmTC_9a762.dir/build.make CMakeFiles/cmTC_9a762.dir/build
gmake[1]: Entering directory '/home/xkrato61/pcg/PCG-proj2/build/CMakeFiles/CMakeTmp'
Building C object CMakeFiles/cmTC_9a762.dir/CMakeCCompilerABI.c.o
/apps/all/NVHPC/24.3-CUDA-12.3.0/Linux_x86_64/24.3/compilers/bin/pgcc   -O3 -fPIC -tp=zen2    -v -MD -MT CMakeFiles/cmTC_9a762.dir/CMakeCCompilerABI.c.o -MF CMakeFiles/cmTC_9a762.dir/CMakeCCompilerABI.c.o.d -o CMakeFiles/cmTC_9a762.dir/CMakeCCompilerABI.c.o -c /apps/all/CMake/3.24.3-GCCcore-12.2.0/share/cmake-3.24/Modules/CMakeCCompilerABI.c
Export NVCOMPILER=/apps/all/NVHPC/24.3-CUDA-12.3.0/Linux_x86_64/24.3
Export PGI=/apps/all/NVHPC/24.3-CUDA-12.3.0
Create file CMakeFiles/cmTC_9a762.dir/CMakeCCompilerABI.c.o.d

/apps/all/NVHPC/24.3-CUDA-12.3.0/Linux_x86_64/24.3/compilers/bin/tools/nvcpfe -- --llalign -D__GNUC__=12 -D__GNUC_MINOR__=2 -D__GNUC_PATCHLEVEL__=0 -D__unix -D__unix__ -Dunix -Dlinux -D__linux -D__linux__ -D__NO_MATH_INLINES -D__LP64__ -D__x86_64 -D__x86_64__ -D__LONG_MAX__=9223372036854775807L '-D__SIZE_TYPE__=unsigned long int' '-D__PTRDIFF_TYPE__=long int' -D__amd64 -D__amd64__ -D__k8 -D__k8__ -D__MMX__ -D__SSE_MATH__ -D__MMX_WITH_SSE__ -D__SSE__ -D__SSE2__ -D__SSE2_MATH__ -D__SSE3__ -D__SSSE3__ -D__SSE4A__ -D__SSE4_1__ -D__SSE4_2__ -D__ABM__ -D__ADX__ -D__AES__ -D__AVX__ -D__AVX2__ -D__BMI__ -D__BMI2__ -D__CLFLUSHOPT__ -D__CLWB__ -D__CLZERO__ -D__F16C__ -D__FMA__ -D__FSGSBASE__ -D__FXSR__ -D__LZCNT__ -D__MOVBE__ -D__MWAITX__ -D__PCLMUL__ -D__POPCNT__ -D__PRFCHW__ -D__RDPID__ -D__RDRND__ -D__RDSEED__ -D__LAHF_SAHF__ -D__SHA__ -D__WBNOINVD__ -D__XSAVE__ -D__XSAVEC__ -D__XSAVEOPT__ -D__XSAVES__ -D__PGI -D__NVCOMPILER -D_PGCG_SOURCE --c -I- -I/apps/all/HDF5/1.14.3-NVHPC-24.3-CUDA-12.3.0/include -I/apps/all/Szip/2.1.1-GCCcore-12.2.0/include -I/apps/all/OpenMPI/4.1.6-NVHPC-24.3-CUDA-12.3.0/include -I/apps/all/UCC-CUDA/1.3.0-GCCcore-12.2.0-CUDA-12.3.0/include -I/apps/all/NCCL/2.21.5-GCCcore-12.2.0-CUDA-12.3.0/include -I/apps/all/UCC/1.3.0-GCCcore-12.2.0/include -I/apps/all/PMIx/4.2.2-GCCcore-12.2.0/include -I/apps/all/libfabric/1.16.1-GCCcore-12.2.0/include -I/apps/all/UCX-CUDA/1.16.0-GCCcore-12.2.0-CUDA-12.3.0/include -I/apps/all/GDRCopy/2.4.1-GCCcore-12.2.0/include -I/apps/all/UCX/1.16.0-GCCcore-12.2.0/include -I/apps/all/libevent/2.1.12-GCCcore-12.2.0/include -I/apps/all/hwloc/2.8.0-GCCcore-12.2.0/include -I/apps/all/libpciaccess/0.17-GCCcore-12.2.0/include -I/apps/all/libxml2/2.10.3-GCCcore-12.2.0/include/libxml2 -I/apps/all/libxml2/2.10.3-GCCcore-12.2.0/include -I/apps/all/libarchive/3.6.1-GCCcore-12.2.0/include -I/apps/all/cURL/7.86.0-GCCcore-12.2.0/include -I/apps/all/Python/3.10.8-GCCcore-12.2.0/include -I/apps/all/libffi/3.4.4-GCCcore-12.2.0/include -I/apps/all/GMP/6.2.1-GCCcore-12.2.0/include -I/apps/all/XZ/5.2.7-GCCcore-12.2.0/include -I/apps/all/SQLite/3.39.4-GCCcore-12.2.0/include -I/apps/all/Tcl/8.6.12-GCCcore-12.2.0/include -I/apps/all/libreadline/8.2-GCCcore-12.2.0/include -I/apps/all/ncurses/6.3-GCCcore-12.2.0/include -I/apps/all/bzip2/1.0.8-GCCcore-12.2.0/include -I/apps/all/CUDA/12.3.0/nvvm/include -I/apps/all/CUDA/12.3.0/extras/CUPTI/include -I/apps/all/CUDA/12.3.0/include -I/apps/all/numactl/2.0.16-GCCcore-12.2.0/include -I/apps/all/binutils/2.39-GCCcore-12.2.0/include -I/apps/all/zlib/1.2.12-GCCcore-12.2.0/include --sys_include /apps/all/NVHPC/24.3-CUDA-12.3.0/Linux_x86_64/24.3/compilers/include --sys_include /apps/all/NVHPC/24.3-CUDA-12.3.0/Linux_x86_64/24.3/compilers/include-stdexec --sys_include /apps/all/GCCcore/12.2.0/lib/gcc/x86_64-pc-linux-gnu/12.2.0/include --sys_include /apps/all/GCCcore/12.2.0/include --sys_include /apps/all/GCCcore/12.2.0/lib/gcc/x86_64-pc-linux-gnu/12.2.0/include-fixed --sys_include /usr/include -D__PGLLVM__ -D__NVCOMPILER_LLVM__ -D__extension__= -D__PIC__ --preinclude _cplus_preinclude.h --preinclude_macros _cplus_macros.h --gnu_version=120200 -D__pgnu_vsn=120200 --no_fixed_bp --dependencies_target_to_stdout CMakeFiles/cmTC_9a762.dir/CMakeCCompilerABI.c.o --dependencies_to_file CMakeFiles/cmTC_9a762.dir/CMakeCCompilerABI.c.o.d -q -o /tmp/nvcf4uZdpL2hapwV.il /apps/all/CMake/3.24.3-GCCcore-12.2.0/share/cmake-3.24/Modules/CMakeCCompilerABI.c -- /apps/all/CMake/3.24.3-GCCcore-12.2.0/share/cmake-3.24/Modules/CMakeCCompilerABI.c -opt 3 -x 119 0xa10000 -x 122 0x40 -x 123 0x1000 -x 127 4 -x 127 17 -x 19 0x400000 -x 28 0x40000 -x 120 0x10000000 -x 70 0x8000 -x 122 1 -x 125 0x20000 -quad -vect 56 -y 34 16 -x 37 0x480000 -x 34 0x8 -y 19 8 -y 35 0 -x 42 0x30 -x 39 0x40 -x 199 10 -x 39 0x80 -x 59 4 -tp zen2 -x 120 0x1000 -astype 0 -x 121 1 -fn /apps/all/CMake/3.24.3-GCCcore-12.2.0/share/cmake-3.24/Modules/CMakeCCompilerABI.c -il /tmp/nvcf4uZdpL2hapwV.il -x 123 0x80000000 -x 123 4 -x 119 0x20 -def __pgnu_vsn=120200 -x 70 0x40000000 -x 183 4 -x 121 0x800 -x 6 0x20000 -x 122 0x400000 -y 125 0x100000 -autoinl 10 -x 168 400 -x 174 128000 -x 14 0x200000 -x 14 0x400000 -autoinl 10 -x 168 400 -x 174 128000 -x 14 0x200000 -x 14 0x400000 -x 249 170 -x 120 0x200000 -x 70 0x40000000 -x 8 0x40000000 -x 164 0x800000 -x 71 0x2000 -x 71 0x4000 -x 34 0x40000000 -x 77 0x04 -x 15 0x4 -x 120 0x1000000 -x 73 0x04 -x 231 0x800 -x 68 0x1 -x 39 4 -x 56 0x10 -x 26 0x10 -x 26 1 -x 56 0x4000 -x 197 0 -x 175 0 -x 203 0 -x 204 0 -x 227 0xFFFF -y 163 0xc0000000 -x 189 0x10 -y 189 0x4000000 -x 60 512 -x 9 1 -x 42 0x14200000 -x 136 0x11 -x 129 2 -y 129 0x8000 -quad -x 119 0x10000000 -x 129 0x40000000 -x 56 0x2 -x 9 1 -x 42 0x14200000 -x 136 0x11 -x 62 8 -gnuvsn 120200 -x 69 0x200 -x 123 0x400 -cmdline '+pgcc /apps/all/CMake/3.24.3-GCCcore-12.2.0/share/cmake-3.24/Modules/CMakeCCompilerABI.c -tp=zen2 -O3 -Mvect=simd -Mflushz -Mcache_align -Mrecip-div -Mfactorize -Mno-signed-zeros -Minline_cpu_f -fPIC -v -MD -MT CMakeFiles/cmTC_9a762.dir/CMakeCCompilerABI.c.o -MF CMakeFiles/cmTC_9a762.dir/CMakeCCompilerABI.c.o.d -o CMakeFiles/cmTC_9a762.dir/CMakeCCompilerABI.c.o -c' -asm /tmp/nvcv4uZd-hfrj362.ll
NVC++/x86-64 Linux 24.3-0: compilation successful

/apps/all/NVHPC/24.3-CUDA-12.3.0/Linux_x86_64/24.3/compilers/share/llvm/bin/opt '-passes=default<O3>' -slp-vectorize-hor=true -memdep-block-scan-limit=160 -nvhpc-consider-undef=true -nvhpc-unswitch-loops-with-trip-count=2 -mcpu=znver2 /tmp/nvcv4uZd-hfrj362.ll -S -o /tmp/nvc94uZd3hoyCLFc.llvm

/apps/all/NVHPC/24.3-CUDA-12.3.0/Linux_x86_64/24.3/compilers/share/llvm/bin/llc /tmp/nvc94uZd3hoyCLFc.llvm -march=x86-64 -mcpu=znver2 -mattr=+mmx -mattr=+sse -mattr=+sse2 -mattr=+sse3 -mattr=+ssse3 -mattr=+sse4a -mattr=+sse4.1 -mattr=+sse4.2 -mattr=+avx -mattr=+avx2 -mattr=+f16c -mattr=+fma -mattr=+xsave -mattr=+xsaveopt -mattr=+xsavec -mattr=+xsaves -mattr=+popcnt -mattr=+sha -mattr=+aes -mattr=+pclmul -mattr=+clflushopt -mattr=+fsgsbase -mattr=+rdrnd -mattr=+bmi -mattr=+bmi2 -mattr=+lzcnt -mattr=+fxsr -mattr=+mwaitx -mattr=+clzero -mattr=+adx -mattr=+clwb -mattr=+movbe -mattr=+prfchw -mattr=+rdpid -mattr=+rdseed -mattr=+sahf -mattr=+wbnoinvd -O3 -x86-cmov-converter=0 -dwarf-directory=false -non-global-value-max-name-size=4294967295 --align-all-functions=6 -nvhpc-memzero -relocation-model=pic -filetype=obj --frame-pointer=none -o CMakeFiles/cmTC_9a762.dir/CMakeCCompilerABI.c.o
Unlinking /tmp/nvcf4uZdpL2hapwV.il
Unlinking /tmp/nvcT4uZdhpl9PnuT.s
Unlinking /tmp/nvcv4uZd-hfrj362.ll
Unlinking /tmp/nvc94uZd3hoyCLFc.llvm
Linking C executable cmTC_9a762
/apps/all/CMake/3.24.3-GCCcore-12.2.0/bin/cmake -E cmake_link_script CMakeFiles/cmTC_9a762.dir/link.txt --verbose=1
/apps/all/NVHPC/24.3-CUDA-12.3.0/Linux_x86_64/24.3/compilers/bin/pgcc -O3 -fPIC -tp=zen2   -v CMakeFiles/cmTC_9a762.dir/CMakeCCompilerABI.c.o -o cmTC_9a762 
Export NVCOMPILER=/apps/all/NVHPC/24.3-CUDA-12.3.0/Linux_x86_64/24.3
Export PGI=/apps/all/NVHPC/24.3-CUDA-12.3.0

/apps/all/binutils/2.39-GCCcore-12.2.0/bin/ld /usr/lib64/crt1.o /usr/lib64/crti.o /apps/all/GCCcore/12.2.0/lib/gcc/x86_64-pc-linux-gnu/12.2.0//crtbegin.o --eh-frame-hdr -m elf_x86_64 -dynamic-linker /lib64/ld-linux-x86-64.so.2 -T /apps/all/NVHPC/24.3-CUDA-12.3.0/Linux_x86_64/24.3/compilers/lib/nvhpc.ld -L/apps/all/HDF5/1.14.3-NVHPC-24.3-CUDA-12.3.0/lib -L/apps/all/Szip/2.1.1-GCCcore-12.2.0/lib -L/apps/all/OpenMPI/4.1.6-NVHPC-24.3-CUDA-12.3.0/lib -L/apps/all/UCC-CUDA/1.3.0-GCCcore-12.2.0-CUDA-12.3.0/lib -L/apps/all/NCCL/2.21.5-GCCcore-12.2.0-CUDA-12.3.0/lib -L/apps/all/UCC/1.3.0-GCCcore-12.2.0/lib -L/apps/all/PMIx/4.2.2-GCCcore-12.2.0/lib -L/apps/all/libfabric/1.16.1-GCCcore-12.2.0/lib -L/apps/all/GDRCopy/2.4.1-GCCcore-12.2.0/lib -L/apps/all/UCX/1.16.0-GCCcore-12.2.0/lib -L/apps/all/libevent/2.1.12-GCCcore-12.2.0/lib -L/apps/all/hwloc/2.8.0-GCCcore-12.2.0/lib -L/apps/all/libpciaccess/0.17-GCCcore-12.2.0/lib -L/apps/all/libxml2/2.10.3-GCCcore-12.2.0/lib -L/apps/all/libarchive/3.6.1-GCCcore-12.2.0/lib -L/apps/all/cURL/7.86.0-GCCcore-12.2.0/lib -L/apps/all/Python/3.10.8-GCCcore-12.2.0/lib -L/apps/all/libffi/3.4.4-GCCcore-12.2.0/lib64 -L/apps/all/libffi/3.4.4-GCCcore-12.2.0/lib -L/apps/all/GMP/6.2.1-GCCcore-12.2.0/lib -L/apps/all/XZ/5.2.7-GCCcore-12.2.0/lib -L/apps/all/SQLite/3.39.4-GCCcore-12.2.0/lib -L/apps/all/Tcl/8.6.12-GCCcore-12.2.0/lib -L/apps/all/libreadline/8.2-GCCcore-12.2.0/lib -L/apps/all/ncurses/6.3-GCCcore-12.2.0/lib -L/apps/all/bzip2/1.0.8-GCCcore-12.2.0/lib -L/apps/all/NVHPC/24.3-CUDA-12.3.0/Linux_x86_64/24.3/compilers/lib -L/apps/all/CUDA/12.3.0/stubs/lib64 -L/apps/all/CUDA/12.3.0/lib -L/apps/all/numactl/2.0.16-GCCcore-12.2.0/lib -L/apps/all/binutils/2.39-GCCcore-12.2.0/lib -L/apps/all/zlib/1.2.12-GCCcore-12.2.0/lib -L/apps/all/NVHPC/24.3-CUDA-12.3.0/Linux_x86_64/24.3/compilers/lib -L/usr/lib64 -L/apps/all/GCCcore/12.2.0/lib/gcc/x86_64-pc-linux-gnu/12.2.0/ CMakeFiles/cmTC_9a762.dir/CMakeCCompilerABI.c.o -rpath /apps/all/NVHPC/24.3-CUDA-12.3.0/Linux_x86_64/24.3/compilers/lib -o cmTC_9a762 -L/apps/all/GCCcore/12.2.0/lib/gcc/x86_64-pc-linux-gnu/12.2.0//../../../../lib64 -lnvomp -ldl --as-needed -lnvhpcatm -latomic --no-as-needed -lpthread -lnvcpumath-avx2 -lnsnvc -lnvc -lgcc -lc -lgcc_s -lm /apps/all/GCCcore/12.2.0/lib/gcc/x86_64-pc-linux-gnu/12.2.0//crtend.o /usr/lib64/crtn.o
gmake[1]: Leaving directory '/home/xkrato61/pcg/PCG-proj2/build/CMakeFiles/CMakeTmp'



Parsed C implicit include dir info from above output: rv=start
  warn: unable to parse implicit include dirs!


Parsed C implicit link information from above output:
  link line regex: [^( *|.*[/\])(ld|CMAKE_LINK_STARTFILE-NOTFOUND|([^/\]+-)?ld|collect2)[^/\]*( |$)]
  ignore line: [Change Dir: /home/xkrato61/pcg/PCG-proj2/build/CMakeFiles/CMakeTmp]
  ignore line: []
  ignore line: [Run Build Command(s):/usr/bin/gmake -f Makefile cmTC_9a762/fast && /usr/bin/gmake  -f CMakeFiles/cmTC_9a762.dir/build.make CMakeFiles/cmTC_9a762.dir/build]
  ignore line: [gmake[1]: Entering directory '/home/xkrato61/pcg/PCG-proj2/build/CMakeFiles/CMakeTmp']
  ignore line: [Building C object CMakeFiles/cmTC_9a762.dir/CMakeCCompilerABI.c.o]
  ignore line: [/apps/all/NVHPC/24.3-CUDA-12.3.0/Linux_x86_64/24.3/compilers/bin/pgcc   -O3 -fPIC -tp=zen2    -v -MD -MT CMakeFiles/cmTC_9a762.dir/CMakeCCompilerABI.c.o -MF CMakeFiles/cmTC_9a762.dir/CMakeCCompilerABI.c.o.d -o CMakeFiles/cmTC_9a762.dir/CMakeCCompilerABI.c.o -c /apps/all/CMake/3.24.3-GCCcore-12.2.0/share/cmake-3.24/Modules/CMakeCCompilerABI.c]
  ignore line: [Export NVCOMPILER=/apps/all/NVHPC/24.3-CUDA-12.3.0/Linux_x86_64/24.3]
  ignore line: [Export PGI=/apps/all/NVHPC/24.3-CUDA-12.3.0]
  ignore line: [Create file CMakeFiles/cmTC_9a762.dir/CMakeCCompilerABI.c.o.d]
  ignore line: []
  ignore line: [/apps/all/NVHPC/24.3-CUDA-12.3.0/Linux_x86_64/24.3/compilers/bin/tools/nvcpfe -- --llalign -D__GNUC__=12 -D__GNUC_MINOR__=2 -D__GNUC_PATCHLEVEL__=0 -D__unix -D__unix__ -Dunix -Dlinux -D__linux -D__linux__ -D__NO_MATH_INLINES -D__LP64__ -D__x86_64 -D__x86_64__ -D__LONG_MAX__=9223372036854775807L '-D__SIZE_TYPE__=unsigned long int' '-D__PTRDIFF_TYPE__=long int' -D__amd64 -D__amd64__ -D__k8 -D__k8__ -D__MMX__ -D__SSE_MATH__ -D__MMX_WITH_SSE__ -D__SSE__ -D__SSE2__ -D__SSE2_MATH__ -D__SSE3__ -D__SSSE3__ -D__SSE4A__ -D__SSE4_1__ -D__SSE4_2__ -D__ABM__ -D__ADX__ -D__AES__ -D__AVX__ -D__AVX2__ -D__BMI__ -D__BMI2__ -D__CLFLUSHOPT__ -D__CLWB__ -D__CLZERO__ -D__F16C__ -D__FMA__ -D__FSGSBASE__ -D__FXSR__ -D__LZCNT__ -D__MOVBE__ -D__MWAITX__ -D__PCLMUL__ -D__POPCNT__ -D__PRFCHW__ -D__RDPID__ -D__RDRND__ -D__RDSEED__ -D__LAHF_SAHF__ -D__SHA__ -D__WBNOINVD__ -D__XSAVE__ -D__XSAVEC__ -D__XSAVEOPT__ -D__XSAVES__ -D__PGI -D__NVCOMPILER -D_PGCG_SOURCE --c -I- -I/apps/all/HDF5/1.14.3-NVHPC-24.3-CUDA-12.3.0/include -I/apps/all/Szip/2.1.1-GCCcore-12.2.0/include -I/apps/all/OpenMPI/4.1.6-NVHPC-24.3-CUDA-12.3.0/include -I/apps/all/UCC-CUDA/1.3.0-GCCcore-12.2.0-CUDA-12.3.0/include -I/apps/all/NCCL/2.21.5-GCCcore-12.2.0-CUDA-12.3.0/include -I/apps/all/UCC/1.3.0-GCCcore-12.2.0/include -I/apps/all/PMIx/4.2.2-GCCcore-12.2.0/include -I/apps/all/libfabric/1.16.1-GCCcore-12.2.0/include -I/apps/all/UCX-CUDA/1.16.0-GCCcore-12.2.0-CUDA-12.3.0/include -I/apps/all/GDRCopy/2.4.1-GCCcore-12.2.0/include -I/apps/all/UCX/1.16.0-GCCcore-12.2.0/include -I/apps/all/libevent/2.1.12-GCCcore-12.2.0/include -I/apps/all/hwloc/2.8.0-GCCcore-12.2.0/include -I/apps/all/libpciaccess/0.17-GCCcore-12.2.0/include -I/apps/all/libxml2/2.10.3-GCCcore-12.2.0/include/libxml2 -I/apps/all/libxml2/2.10.3-GCCcore-12.2.0/include -I/apps/all/libarchive/3.6.1-GCCcore-12.2.0/include -I/apps/all/cURL/7.86.0-GCCcore-12.2.0/include -I/apps/all/Python/3.10.8-GCCcore-12.2.0/include -I/apps/all/libffi/3.4.4-GCCcore-12.2.0/include -I/apps/all/GMP/6.2.1-GCCcore-12.2.0/include -I/apps/all/XZ/5.2.7-GCCcore-12.2.0/include -I/apps/all/SQLite/3.39.4-GCCcore-12.2.0/include -I/apps/all/Tcl/8.6.12-GCCcore-12.2.0/include -I/apps/all/libreadline/8.2-GCCcore-12.2.0/include -I/apps/all/ncurses/6.3-GCCcore-12.2.0/include -I/apps/all/bzip2/1.0.8-GCCcore-12.2.0/include -I/apps/all/CUDA/12.3.0/nvvm/include -I/apps/all/CUDA/12.3.0/extras/CUPTI/include -I/apps/all/CUDA/12.3.0/include -I/apps/all/numactl/2.0.16-GCCcore-12.2.0/include -I/apps/all/binutils/2.39-GCCcore-12.2.0/include -I/apps/all/zlib/1.2.12-GCCcore-12.2.0/include --sys_include /apps/all/NVHPC/24.3-CUDA-12.3.0/Linux_x86_64/24.3/compilers/include --sys_include /apps/all/NVHPC/24.3-CUDA-12.3.0/Linux_x86_64/24.3/compilers/include-stdexec --sys_include /apps/all/GCCcore/12.2.0/lib/gcc/x86_64-pc-linux-gnu/12.2.0/include --sys_include /apps/all/GCCcore/12.2.0/include --sys_include /apps/all/GCCcore/12.2.0/lib/gcc/x86_64-pc-linux-gnu/12.2.0/include-fixed --sys_include /usr/include -D__PGLLVM__ -D__NVCOMPILER_LLVM__ -D__extension__= -D__PIC__ --preinclude _cplus_preinclude.h --preinclude_macros _cplus_macros.h --gnu_version=120200 -D__pgnu_vsn=120200 --no_fixed_bp --dependencies_target_to_stdout CMakeFiles/cmTC_9a762.dir/CMakeCCompilerABI.c.o --dependencies_to_file CMakeFiles/cmTC_9a762.dir/CMakeCCompilerABI.c.o.d -q -o /tmp/nvcf4uZdpL2hapwV.il /apps/all/CMake/3.24.3-GCCcore-12.2.0/share/cmake-3.24/Modules/CMakeCCompilerABI.c -- /apps/all/CMake/3.24.3-GCCcore-12.2.0/share/cmake-3.24/Modules/CMakeCCompilerABI.c -opt 3 -x 119 0xa10000 -x 122 0x40 -x 123 0x1000 -x 127 4 -x 127 17 -x 19 0x400000 -x 28 0x40000 -x 120 0x10000000 -x 70 0x8000 -x 122 1 -x 125 0x20000 -quad -vect 56 -y 34 16 -x 37 0x480000 -x 34 0x8 -y 19 8 -y 35 0 -x 42 0x30 -x 39 0x40 -x 199 10 -x 39 0x80 -x 59 4 -tp zen2 -x 120 0x1000 -astype 0 -x 121 1 -fn /apps/all/CMake/3.24.3-GCCcore-12.2.0/share/cmake-3.24/Modules/CMakeCCompilerABI.c -il /tmp/nvcf4uZdpL2hapwV.il -x 123 0x80000000 -x 123 4 -x 119 0x20 -def __pgnu_vsn=120200 -x 70 0x40000000 -x 183 4 -x 121 0x800 -x 6 0x20000 -x 122 0x400000 -y 125 0x100000 -autoinl 10 -x 168 400 -x 174 128000 -x 14 0x200000 -x 14 0x400000 -autoinl 10 -x 168 400 -x 174 128000 -x 14 0x200000 -x 14 0x400000 -x 249 170 -x 120 0x200000 -x 70 0x40000000 -x 8 0x40000000 -x 164 0x800000 -x 71 0x2000 -x 71 0x4000 -x 34 0x40000000 -x 77 0x04 -x 15 0x4 -x 120 0x1000000 -x 73 0x04 -x 231 0x800 -x 68 0x1 -x 39 4 -x 56 0x10 -x 26 0x10 -x 26 1 -x 56 0x4000 -x 197 0 -x 175 0 -x 203 0 -x 204 0 -x 227 0xFFFF -y 163 0xc0000000 -x 189 0x10 -y 189 0x4000000 -x 60 512 -x 9 1 -x 42 0x14200000 -x 136 0x11 -x 129 2 -y 129 0x8000 -quad -x 119 0x10000000 -x 129 0x40000000 -x 56 0x2 -x 9 1 -x 42 0x14200000 -x 136 0x11 -x 62 8 -gnuvsn 120200 -x 69 0x200 -x 123 0x400 -cmdline '+pgcc /apps/all/CMake/3.24.3-GCCcore-12.2.0/share/cmake-3.24/Modules/CMakeCCompilerABI.c -tp=zen2 -O3 -Mvect=simd -Mflushz -Mcache_align -Mrecip-div -Mfactorize -Mno-signed-zeros -Minline_cpu_f -fPIC -v -MD -MT CMakeFiles/cmTC_9a762.dir/CMakeCCompilerABI.c.o -MF CMakeFiles/cmTC_9a762.dir/CMakeCCompilerABI.c.o.d -o CMakeFiles/cmTC_9a762.dir/CMakeCCompilerABI.c.o -c' -asm /tmp/nvcv4uZd-hfrj362.ll]
  ignore line: [NVC++/x86-64 Linux 24.3-0: compilation successful]
  ignore line: []
  ignore line: [/apps/all/NVHPC/24.3-CUDA-12.3.0/Linux_x86_64/24.3/compilers/share/llvm/bin/opt '-passes=default<O3>' -slp-vectorize-hor=true -memdep-block-scan-limit=160 -nvhpc-consider-undef=true -nvhpc-unswitch-loops-with-trip-count=2 -mcpu=znver2 /tmp/nvcv4uZd-hfrj362.ll -S -o /tmp/nvc94uZd3hoyCLFc.llvm]
  ignore line: []
  ignore line: [/apps/all/NVHPC/24.3-CUDA-12.3.0/Linux_x86_64/24.3/compilers/share/llvm/bin/llc /tmp/nvc94uZd3hoyCLFc.llvm -march=x86-64 -mcpu=znver2 -mattr=+mmx -mattr=+sse -mattr=+sse2 -mattr=+sse3 -mattr=+ssse3 -mattr=+sse4a -mattr=+sse4.1 -mattr=+sse4.2 -mattr=+avx -mattr=+avx2 -mattr=+f16c -mattr=+fma -mattr=+xsave -mattr=+xsaveopt -mattr=+xsavec -mattr=+xsaves -mattr=+popcnt -mattr=+sha -mattr=+aes -mattr=+pclmul -mattr=+clflushopt -mattr=+fsgsbase -mattr=+rdrnd -mattr=+bmi -mattr=+bmi2 -mattr=+lzcnt -mattr=+fxsr -mattr=+mwaitx -mattr=+clzero -mattr=+adx -mattr=+clwb -mattr=+movbe -mattr=+prfchw -mattr=+rdpid -mattr=+rdseed -mattr=+sahf -mattr=+wbnoinvd -O3 -x86-cmov-converter=0 -dwarf-directory=false -non-global-value-max-name-size=4294967295 --align-all-functions=6 -nvhpc-memzero -relocation-model=pic -filetype=obj --frame-pointer=none -o CMakeFiles/cmTC_9a762.dir/CMakeCCompilerABI.c.o]
  ignore line: [Unlinking /tmp/nvcf4uZdpL2hapwV.il]
  ignore line: [Unlinking /tmp/nvcT4uZdhpl9PnuT.s]
  ignore line: [Unlinking /tmp/nvcv4uZd-hfrj362.ll]
  ignore line: [Unlinking /tmp/nvc94uZd3hoyCLFc.llvm]
  ignore line: [Linking C executable cmTC_9a762]
  ignore line: [/apps/all/CMake/3.24.3-GCCcore-12.2.0/bin/cmake -E cmake_link_script CMakeFiles/cmTC_9a762.dir/link.txt --verbose=1]
  ignore line: [/apps/all/NVHPC/24.3-CUDA-12.3.0/Linux_x86_64/24.3/compilers/bin/pgcc -O3 -fPIC -tp=zen2   -v CMakeFiles/cmTC_9a762.dir/CMakeCCompilerABI.c.o -o cmTC_9a762 ]
  ignore line: [Export NVCOMPILER=/apps/all/NVHPC/24.3-CUDA-12.3.0/Linux_x86_64/24.3]
  ignore line: [Export PGI=/apps/all/NVHPC/24.3-CUDA-12.3.0]
  ignore line: []
  link line: [/apps/all/binutils/2.39-GCCcore-12.2.0/bin/ld /usr/lib64/crt1.o /usr/lib64/crti.o /apps/all/GCCcore/12.2.0/lib/gcc/x86_64-pc-linux-gnu/12.2.0//crtbegin.o --eh-frame-hdr -m elf_x86_64 -dynamic-linker /lib64/ld-linux-x86-64.so.2 -T /apps/all/NVHPC/24.3-CUDA-12.3.0/Linux_x86_64/24.3/compilers/lib/nvhpc.ld -L/apps/all/HDF5/1.14.3-NVHPC-24.3-CUDA-12.3.0/lib -L/apps/all/Szip/2.1.1-GCCcore-12.2.0/lib -L/apps/all/OpenMPI/4.1.6-NVHPC-24.3-CUDA-12.3.0/lib -L/apps/all/UCC-CUDA/1.3.0-GCCcore-12.2.0-CUDA-12.3.0/lib -L/apps/all/NCCL/2.21.5-GCCcore-12.2.0-CUDA-12.3.0/lib -L/apps/all/UCC/1.3.0-GCCcore-12.2.0/lib -L/apps/all/PMIx/4.2.2-GCCcore-12.2.0/lib -L/apps/all/libfabric/1.16.1-GCCcore-12.2.0/lib -L/apps/all/GDRCopy/2.4.1-GCCcore-12.2.0/lib -L/apps/all/UCX/1.16.0-GCCcore-12.2.0/lib -L/apps/all/libevent/2.1.12-GCCcore-12.2.0/lib -L/apps/all/hwloc/2.8.0-GCCcore-12.2.0/lib -L/apps/all/libpciaccess/0.17-GCCcore-12.2.0/lib -L/apps/all/libxml2/2.10.3-GCCcore-12.2.0/lib -L/apps/all/libarchive/3.6.1-GCCcore-12.2.0/lib -L/apps/all/cURL/7.86.0-GCCcore-12.2.0/lib -L/apps/all/Python/3.10.8-GCCcore-12.2.0/lib -L/apps/all/libffi/3.4.4-GCCcore-12.2.0/lib64 -L/apps/all/libffi/3.4.4-GCCcore-12.2.0/lib -L/apps/all/GMP/6.2.1-GCCcore-12.2.0/lib -L/apps/all/XZ/5.2.7-GCCcore-12.2.0/lib -L/apps/all/SQLite/3.39.4-GCCcore-12.2.0/lib -L/apps/all/Tcl/8.6.12-GCCcore-12.2.0/lib -L/apps/all/libreadline/8.2-GCCcore-12.2.0/lib -L/apps/all/ncurses/6.3-GCCcore-12.2.0/lib -L/apps/all/bzip2/1.0.8-GCCcore-12.2.0/lib -L/apps/all/NVHPC/24.3-CUDA-12.3.0/Linux_x86_64/24.3/compilers/lib -L/apps/all/CUDA/12.3.0/stubs/lib64 -L/apps/all/CUDA/12.3.0/lib -L/apps/all/numactl/2.0.16-GCCcore-12.2.0/lib -L/apps/all/binutils/2.39-GCCcore-12.2.0/lib -L/apps/all/zlib/1.2.12-GCCcore-12.2.0/lib -L/apps/all/NVHPC/24.3-CUDA-12.3.0/Linux_x86_64/24.3/compilers/lib -L/usr/lib64 -L/apps/all/GCCcore/12.2.0/lib/gcc/x86_64-pc-linux-gnu/12.2.0/ CMakeFiles/cmTC_9a762.dir/CMakeCCompilerABI.c.o -rpath /apps/all/NVHPC/24.3-CUDA-12.3.0/Linux_x86_64/24.3/compilers/lib -o cmTC_9a762 -L/apps/all/GCCcore/12.2.0/lib/gcc/x86_64-pc-linux-gnu/12.2.0//../../../../lib64 -lnvomp -ldl --as-needed -lnvhpcatm -latomic --no-as-needed -lpthread -lnvcpumath-avx2 -lnsnvc -lnvc -lgcc -lc -lgcc_s -lm /apps/all/GCCcore/12.2.0/lib/gcc/x86_64-pc-linux-gnu/12.2.0//crtend.o /usr/lib64/crtn.o]
    arg [/apps/all/binutils/2.39-GCCcore-12.2.0/bin/ld] ==> ignore
    arg [/usr/lib64/crt1.o] ==> obj [/usr/lib64/crt1.o]
    arg [/usr/lib64/crti.o] ==> obj [/usr/lib64/crti.o]
    arg [/apps/all/GCCcore/12.2.0/lib/gcc/x86_64-pc-linux-gnu/12.2.0//crtbegin.o] ==> obj [/apps/all/GCCcore/12.2.0/lib/gcc/x86_64-pc-linux-gnu/12.2.0//crtbegin.o]
    arg [--eh-frame-hdr] ==> ignore
    arg [-m] ==> ignore
    arg [elf_x86_64] ==> ignore
    arg [-dynamic-linker] ==> ignore
    arg [/lib64/ld-linux-x86-64.so.2] ==> ignore
    arg [-T] ==> ignore
    arg [/apps/all/NVHPC/24.3-CUDA-12.3.0/Linux_x86_64/24.3/compilers/lib/nvhpc.ld] ==> ignore
    arg [-L/apps/all/HDF5/1.14.3-NVHPC-24.3-CUDA-12.3.0/lib] ==> dir [/apps/all/HDF5/1.14.3-NVHPC-24.3-CUDA-12.3.0/lib]
    arg [-L/apps/all/Szip/2.1.1-GCCcore-12.2.0/lib] ==> dir [/apps/all/Szip/2.1.1-GCCcore-12.2.0/lib]
    arg [-L/apps/all/OpenMPI/4.1.6-NVHPC-24.3-CUDA-12.3.0/lib] ==> dir [/apps/all/OpenMPI/4.1.6-NVHPC-24.3-CUDA-12.3.0/lib]
    arg [-L/apps/all/UCC-CUDA/1.3.0-GCCcore-12.2.0-CUDA-12.3.0/lib] ==> dir [/apps/all/UCC-CUDA/1.3.0-GCCcore-12.2.0-CUDA-12.3.0/lib]
    arg [-L/apps/all/NCCL/2.21.5-GCCcore-12.2.0-CUDA-12.3.0/lib] ==> dir [/apps/all/NCCL/2.21.5-GCCcore-12.2.0-CUDA-12.3.0/lib]
    arg [-L/apps/all/UCC/1.3.0-GCCcore-12.2.0/lib] ==> dir [/apps/all/UCC/1.3.0-GCCcore-12.2.0/lib]
    arg [-L/apps/all/PMIx/4.2.2-GCCcore-12.2.0/lib] ==> dir [/apps/all/PMIx/4.2.2-GCCcore-12.2.0/lib]
    arg [-L/apps/all/libfabric/1.16.1-GCCcore-12.2.0/lib] ==> dir [/apps/all/libfabric/1.16.1-GCCcore-12.2.0/lib]
    arg [-L/apps/all/GDRCopy/2.4.1-GCCcore-12.2.0/lib] ==> dir [/apps/all/GDRCopy/2.4.1-GCCcore-12.2.0/lib]
    arg [-L/apps/all/UCX/1.16.0-GCCcore-12.2.0/lib] ==> dir [/apps/all/UCX/1.16.0-GCCcore-12.2.0/lib]
    arg [-L/apps/all/libevent/2.1.12-GCCcore-12.2.0/lib] ==> dir [/apps/all/libevent/2.1.12-GCCcore-12.2.0/lib]
    arg [-L/apps/all/hwloc/2.8.0-GCCcore-12.2.0/lib] ==> dir [/apps/all/hwloc/2.8.0-GCCcore-12.2.0/lib]
    arg [-L/apps/all/libpciaccess/0.17-GCCcore-12.2.0/lib] ==> dir [/apps/all/libpciaccess/0.17-GCCcore-12.2.0/lib]
    arg [-L/apps/all/libxml2/2.10.3-GCCcore-12.2.0/lib] ==> dir [/apps/all/libxml2/2.10.3-GCCcore-12.2.0/lib]
    arg [-L/apps/all/libarchive/3.6.1-GCCcore-12.2.0/lib] ==> dir [/apps/all/libarchive/3.6.1-GCCcore-12.2.0/lib]
    arg [-L/apps/all/cURL/7.86.0-GCCcore-12.2.0/lib] ==> dir [/apps/all/cURL/7.86.0-GCCcore-12.2.0/lib]
    arg [-L/apps/all/Python/3.10.8-GCCcore-12.2.0/lib] ==> dir [/apps/all/Python/3.10.8-GCCcore-12.2.0/lib]
    arg [-L/apps/all/libffi/3.4.4-GCCcore-12.2.0/lib64] ==> dir [/apps/all/libffi/3.4.4-GCCcore-12.2.0/lib64]
    arg [-L/apps/all/libffi/3.4.4-GCCcore-12.2.0/lib] ==> dir [/apps/all/libffi/3.4.4-GCCcore-12.2.0/lib]
    arg [-L/apps/all/GMP/6.2.1-GCCcore-12.2.0/lib] ==> dir [/apps/all/GMP/6.2.1-GCCcore-12.2.0/lib]
    arg [-L/apps/all/XZ/5.2.7-GCCcore-12.2.0/lib] ==> dir [/apps/all/XZ/5.2.7-GCCcore-12.2.0/lib]
    arg [-L/apps/all/SQLite/3.39.4-GCCcore-12.2.0/lib] ==> dir [/apps/all/SQLite/3.39.4-GCCcore-12.2.0/lib]
    arg [-L/apps/all/Tcl/8.6.12-GCCcore-12.2.0/lib] ==> dir [/apps/all/Tcl/8.6.12-GCCcore-12.2.0/lib]
    arg [-L/apps/all/libreadline/8.2-GCCcore-12.2.0/lib] ==> dir [/apps/all/libreadline/8.2-GCCcore-12.2.0/lib]
    arg [-L/apps/all/ncurses/6.3-GCCcore-12.2.0/lib] ==> dir [/apps/all/ncurses/6.3-GCCcore-12.2.0/lib]
    arg [-L/apps/all/bzip2/1.0.8-GCCcore-12.2.0/lib] ==> dir [/apps/all/bzip2/1.0.8-GCCcore-12.2.0/lib]
    arg [-L/apps/all/NVHPC/24.3-CUDA-12.3.0/Linux_x86_64/24.3/compilers/lib] ==> dir [/apps/all/NVHPC/24.3-CUDA-12.3.0/Linux_x86_64/24.3/compilers/lib]
    arg [-L/apps/all/CUDA/12.3.0/stubs/lib64] ==> dir [/apps/all/CUDA/12.3.0/stubs/lib64]
    arg [-L/apps/all/CUDA/12.3.0/lib] ==> dir [/apps/all/CUDA/12.3.0/lib]
    arg [-L/apps/all/numactl/2.0.16-GCCcore-12.2.0/lib] ==> dir [/apps/all/numactl/2.0.16-GCCcore-12.2.0/lib]
    arg [-L/apps/all/binutils/2.39-GCCcore-12.2.0/lib] ==> dir [/apps/all/binutils/2.39-GCCcore-12.2.0/lib]
    arg [-L/apps/all/zlib/1.2.12-GCCcore-12.2.0/lib] ==> dir [/apps/all/zlib/1.2.12-GCCcore-12.2.0/lib]
    arg [-L/apps/all/NVHPC/24.3-CUDA-12.3.0/Linux_x86_64/24.3/compilers/lib] ==> dir [/apps/all/NVHPC/24.3-CUDA-12.3.0/Linux_x86_64/24.3/compilers/lib]
    arg [-L/usr/lib64] ==> dir [/usr/lib64]
    arg [-L/apps/all/GCCcore/12.2.0/lib/gcc/x86_64-pc-linux-gnu/12.2.0/] ==> dir [/apps/all/GCCcore/12.2.0/lib/gcc/x86_64-pc-linux-gnu/12.2.0/]
    arg [CMakeFiles/cmTC_9a762.dir/CMakeCCompilerABI.c.o] ==> ignore
    arg [-rpath] ==> ignore
    arg [/apps/all/NVHPC/24.3-CUDA-12.3.0/Linux_x86_64/24.3/compilers/lib] ==> ignore
    arg [-o] ==> ignore
    arg [cmTC_9a762] ==> ignore
    arg [-L/apps/all/GCCcore/12.2.0/lib/gcc/x86_64-pc-linux-gnu/12.2.0//../../../../lib64] ==> dir [/apps/all/GCCcore/12.2.0/lib/gcc/x86_64-pc-linux-gnu/12.2.0//../../../../lib64]
    arg [-lnvomp] ==> lib [nvomp]
    arg [-ldl] ==> lib [dl]
    arg [--as-needed] ==> ignore
    arg [-lnvhpcatm] ==> lib [nvhpcatm]
    arg [-latomic] ==> lib [atomic]
    arg [--no-as-needed] ==> ignore
    arg [-lpthread] ==> lib [pthread]
    arg [-lnvcpumath-avx2] ==> lib [nvcpumath-avx2]
    arg [-lnsnvc] ==> lib [nsnvc]
    arg [-lnvc] ==> lib [nvc]
    arg [-lgcc] ==> lib [gcc]
    arg [-lc] ==> lib [c]
    arg [-lgcc_s] ==> lib [gcc_s]
    arg [-lm] ==> lib [m]
    arg [/apps/all/GCCcore/12.2.0/lib/gcc/x86_64-pc-linux-gnu/12.2.0//crtend.o] ==> obj [/apps/all/GCCcore/12.2.0/lib/gcc/x86_64-pc-linux-gnu/12.2.0//crtend.o]
    arg [/usr/lib64/crtn.o] ==> obj [/usr/lib64/crtn.o]
  collapse obj [/apps/all/GCCcore/12.2.0/lib/gcc/x86_64-pc-linux-gnu/12.2.0//crtbegin.o] ==> [/apps/all/GCCcore/12.2.0/lib/gcc/x86_64-pc-linux-gnu/12.2.0/crtbegin.o]
  collapse obj [/apps/all/GCCcore/12.2.0/lib/gcc/x86_64-pc-linux-gnu/12.2.0//crtend.o] ==> [/apps/all/GCCcore/12.2.0/lib/gcc/x86_64-pc-linux-gnu/12.2.0/crtend.o]
  collapse library dir [/apps/all/HDF5/1.14.3-NVHPC-24.3-CUDA-12.3.0/lib] ==> [/apps/all/HDF5/1.14.3-NVHPC-24.3-CUDA-12.3.0/lib]
  collapse library dir [/apps/all/Szip/2.1.1-GCCcore-12.2.0/lib] ==> [/apps/all/Szip/2.1.1-GCCcore-12.2.0/lib]
  collapse library dir [/apps/all/OpenMPI/4.1.6-NVHPC-24.3-CUDA-12.3.0/lib] ==> [/apps/all/OpenMPI/4.1.6-NVHPC-24.3-CUDA-12.3.0/lib]
  collapse library dir [/apps/all/UCC-CUDA/1.3.0-GCCcore-12.2.0-CUDA-12.3.0/lib] ==> [/apps/all/UCC-CUDA/1.3.0-GCCcore-12.2.0-CUDA-12.3.0/lib]
  collapse library dir [/apps/all/NCCL/2.21.5-GCCcore-12.2.0-CUDA-12.3.0/lib] ==> [/apps/all/NCCL/2.21.5-GCCcore-12.2.0-CUDA-12.3.0/lib]
  collapse library dir [/apps/all/UCC/1.3.0-GCCcore-12.2.0/lib] ==> [/apps/all/UCC/1.3.0-GCCcore-12.2.0/lib]
  collapse library dir [/apps/all/PMIx/4.2.2-GCCcore-12.2.0/lib] ==> [/apps/all/PMIx/4.2.2-GCCcore-12.2.0/lib]
  collapse library dir [/apps/all/libfabric/1.16.1-GCCcore-12.2.0/lib] ==> [/apps/all/libfabric/1.16.1-GCCcore-12.2.0/lib]
  collapse library dir [/apps/all/GDRCopy/2.4.1-GCCcore-12.2.0/lib] ==> [/apps/all/GDRCopy/2.4.1-GCCcore-12.2.0/lib]
  collapse library dir [/apps/all/UCX/1.16.0-GCCcore-12.2.0/lib] ==> [/apps/all/UCX/1.16.0-GCCcore-12.2.0/lib]
  collapse library dir [/apps/all/libevent/2.1.12-GCCcore-12.2.0/lib] ==> [/apps/all/libevent/2.1.12-GCCcore-12.2.0/lib]
  collapse library dir [/apps/all/hwloc/2.8.0-GCCcore-12.2.0/lib] ==> [/apps/all/hwloc/2.8.0-GCCcore-12.2.0/lib]
  collapse library dir [/apps/all/libpciaccess/0.17-GCCcore-12.2.0/lib] ==> [/apps/all/libpciaccess/0.17-GCCcore-12.2.0/lib]
  collapse library dir [/apps/all/libxml2/2.10.3-GCCcore-12.2.0/lib] ==> [/apps/all/libxml2/2.10.3-GCCcore-12.2.0/lib]
  collapse library dir [/apps/all/libarchive/3.6.1-GCCcore-12.2.0/lib] ==> [/apps/all/libarchive/3.6.1-GCCcore-12.2.0/lib]
  collapse library dir [/apps/all/cURL/7.86.0-GCCcore-12.2.0/lib] ==> [/apps/all/cURL/7.86.0-GCCcore-12.2.0/lib]
  collapse library dir [/apps/all/Python/3.10.8-GCCcore-12.2.0/lib] ==> [/apps/all/Python/3.10.8-GCCcore-12.2.0/lib]
  collapse library dir [/apps/all/libffi/3.4.4-GCCcore-12.2.0/lib64] ==> [/apps/all/libffi/3.4.4-GCCcore-12.2.0/lib64]
  collapse library dir [/apps/all/libffi/3.4.4-GCCcore-12.2.0/lib] ==> [/apps/all/libffi/3.4.4-GCCcore-12.2.0/lib]
  collapse library dir [/apps/all/GMP/6.2.1-GCCcore-12.2.0/lib] ==> [/apps/all/GMP/6.2.1-GCCcore-12.2.0/lib]
  collapse library dir [/apps/all/XZ/5.2.7-GCCcore-12.2.0/lib] ==> [/apps/all/XZ/5.2.7-GCCcore-12.2.0/lib]
  collapse library dir [/apps/all/SQLite/3.39.4-GCCcore-12.2.0/lib] ==> [/apps/all/SQLite/3.39.4-GCCcore-12.2.0/lib]
  collapse library dir [/apps/all/Tcl/8.6.12-GCCcore-12.2.0/lib] ==> [/apps/all/Tcl/8.6.12-GCCcore-12.2.0/lib]
  collapse library dir [/apps/all/libreadline/8.2-GCCcore-12.2.0/lib] ==> [/apps/all/libreadline/8.2-GCCcore-12.2.0/lib]
  collapse library dir [/apps/all/ncurses/6.3-GCCcore-12.2.0/lib] ==> [/apps/all/ncurses/6.3-GCCcore-12.2.0/lib]
  collapse library dir [/apps/all/bzip2/1.0.8-GCCcore-12.2.0/lib] ==> [/apps/all/bzip2/1.0.8-GCCcore-12.2.0/lib]
  collapse library dir [/apps/all/NVHPC/24.3-CUDA-12.3.0/Linux_x86_64/24.3/compilers/lib] ==> [/apps/all/NVHPC/24.3-CUDA-12.3.0/Linux_x86_64/24.3/compilers/lib]
  collapse library dir [/apps/all/CUDA/12.3.0/stubs/lib64] ==> [/apps/all/CUDA/12.3.0/stubs/lib64]
  collapse library dir [/apps/all/CUDA/12.3.0/lib] ==> [/apps/all/CUDA/12.3.0/lib]
  collapse library dir [/apps/all/numactl/2.0.16-GCCcore-12.2.0/lib] ==> [/apps/all/numactl/2.0.16-GCCcore-12.2.0/lib]
  collapse library dir [/apps/all/binutils/2.39-GCCcore-12.2.0/lib] ==> [/apps/all/binutils/2.39-GCCcore-12.2.0/lib]
  collapse library dir [/apps/all/zlib/1.2.12-GCCcore-12.2.0/lib] ==> [/apps/all/zlib/1.2.12-GCCcore-12.2.0/lib]
  collapse library dir [/apps/all/NVHPC/24.3-CUDA-12.3.0/Linux_x86_64/24.3/compilers/lib] ==> [/apps/all/NVHPC/24.3-CUDA-12.3.0/Linux_x86_64/24.3/compilers/lib]
  collapse library dir [/usr/lib64] ==> [/usr/lib64]
  collapse library dir [/apps/all/GCCcore/12.2.0/lib/gcc/x86_64-pc-linux-gnu/12.2.0/] ==> [/apps/all/GCCcore/12.2.0/lib/gcc/x86_64-pc-linux-gnu/12.2.0]
  collapse library dir [/apps/all/GCCcore/12.2.0/lib/gcc/x86_64-pc-linux-gnu/12.2.0//../../../../lib64] ==> [/apps/all/GCCcore/12.2.0/lib64]
  implicit libs: [nvomp;dl;nvhpcatm;atomic;pthread;nvcpumath-avx2;nsnvc;nvc;gcc;c;gcc_s;m]
  implicit objs: [/usr/lib64/crt1.o;/usr/lib64/crti.o;/apps/all/GCCcore/12.2.0/lib/gcc/x86_64-pc-linux-gnu/12.2.0/crtbegin.o;/apps/all/GCCcore/12.2.0/lib/gcc/x86_64-pc-linux-gnu/12.2.0/crtend.o;/usr/lib64/crtn.o]
  implicit dirs: [/apps/all/HDF5/1.14.3-NVHPC-24.3-CUDA-12.3.0/lib;/apps/all/Szip/2.1.1-GCCcore-12.2.0/lib;/apps/all/OpenMPI/4.1.6-NVHPC-24.3-CUDA-12.3.0/lib;/apps/all/UCC-CUDA/1.3.0-GCCcore-12.2.0-CUDA-12.3.0/lib;/apps/all/NCCL/2.21.5-GCCcore-12.2.0-CUDA-12.3.0/lib;/apps/all/UCC/1.3.0-GCCcore-12.2.0/lib;/apps/all/PMIx/4.2.2-GCCcore-12.2.0/lib;/apps/all/libfabric/1.16.1-GCCcore-12.2.0/lib;/apps/all/GDRCopy/2.4.1-GCCcore-12.2.0/lib;/apps/all/UCX/1.16.0-GCCcore-12.2.0/lib;/apps/all/libevent/2.1.12-GCCcore-12.2.0/lib;/apps/all/hwloc/2.8.0-GCCcore-12.2.0/lib;/apps/all/libpciaccess/0.17-GCCcore-12.2.0/lib;/apps/all/libxml2/2.10.3-GCCcore-12.2.0/lib;/apps/all/libarchive/3.6.1-GCCcore-12.2.0/lib;/apps/all/cURL/7.86.0-GCCcore-12.2.0/lib;/apps/all/Python/3.10.8-GCCcore-12.2.0/lib;/apps/all/libffi/3.4.4-GCCcore-12.2.0/lib64;/apps/all/libffi/3.4.4-GCCcore-12.2.0/lib;/apps/all/GMP/6.2.1-GCCcore-12.2.0/lib;/apps/all/XZ/5.2.7-GCCcore-12.2.0/lib;/apps/all/SQLite/3.39.4-GCCcore-12.2.0/lib;/apps/all/Tcl/8.6.12-GCCcore-12.2.0/lib;/apps/all/libreadline/8.2-GCCcore-12.2.0/lib;/apps/all/ncurses/6.3-GCCcore-12.2.0/lib;/apps/all/bzip2/1.0.8-GCCcore-12.2.0/lib;/apps/all/NVHPC/24.3-CUDA-12.3.0/Linux_x86_64/24.3/compilers/lib;/apps/all/CUDA/12.3.0/stubs/lib64;/apps/all/CUDA/12.3.0/lib;/apps/all/numactl/2.0.16-GCCcore-12.2.0/lib;/apps/all/binutils/2.39-GCCcore-12.2.0/lib;/apps/all/zlib/1.2.12-GCCcore-12.2.0/lib;/usr/lib64;/apps/all/GCCcore/12.2.0/lib/gcc/x86_64-pc-linux-gnu/12.2.0;/apps/all/GCCcore/12.2.0/lib64]
  implicit fwks: []


Detecting CXX compiler ABI info compiled with the following output:
Change Dir: /home/xkrato61/pcg/PCG-proj2/build/CMakeFiles/CMakeTmp

Run Build Command(s):/usr/bin/gmake -f Makefile cmTC_641d7/fast && /usr/bin/gmake  -f CMakeFiles/cmTC_641d7.dir/build.make CMakeFiles/cmTC_641d7.dir/build
gmake[1]: Entering directory '/home/xkrato61/pcg/PCG-proj2/build/CMakeFiles/CMakeTmp'
Building CXX object CMakeFiles/cmTC_641d7.dir/CMakeCXXCompilerABI.cpp.o
/apps/all/NVHPC/24.3-CUDA-12.3.0/Linux_x86_64/24.3/compilers/bin/nvc++   -O3 -fPIC -tp=zen2    -v -MD -MT CMakeFiles/cmTC_641d7.dir/CMakeCXXCompilerABI.cpp.o -MF CMakeFiles/cmTC_641d7.dir/CMakeCXXCompilerABI.cpp.o.d -o CMakeFiles/cmTC_641d7.dir/CMakeCXXCompilerABI.cpp.o -c /apps/all/CMake/3.24.3-GCCcore-12.2.0/share/cmake-3.24/Modules/CMakeCXXCompilerABI.cpp
Export NVCOMPILER=/apps/all/NVHPC/24.3-CUDA-12.3.0/Linux_x86_64/24.3
Export PGI=/apps/all/NVHPC/24.3-CUDA-12.3.0
Create file CMakeFiles/cmTC_641d7.dir/CMakeCXXCompilerABI.cpp.o.d

/apps/all/NVHPC/24.3-CUDA-12.3.0/Linux_x86_64/24.3/compilers/bin/tools/nvcpfe -- --llalign -D__GNUC__=12 -D__GNUC_MINOR__=2 -D__GNUC_PATCHLEVEL__=0 -D__unix -D__unix__ -Dunix -Dlinux -D__linux -D__linux__ -D__NO_MATH_INLINES -D__LP64__ -D__x86_64 -D__x86_64__ -D__LONG_MAX__=9223372036854775807L '-D__SIZE_TYPE__=unsigned long int' '-D__PTRDIFF_TYPE__=long int' -D__amd64 -D__amd64__ -D__k8 -D__k8__ -D__MMX__ -D__SSE_MATH__ -D__MMX_WITH_SSE__ -D__SSE__ -D__SSE2__ -D__SSE2_MATH__ -D__SSE3__ -D__SSSE3__ -D__SSE4A__ -D__SSE4_1__ -D__SSE4_2__ -D__ABM__ -D__ADX__ -D__AES__ -D__AVX__ -D__AVX2__ -D__BMI__ -D__BMI2__ -D__CLFLUSHOPT__ -D__CLWB__ -D__CLZERO__ -D__F16C__ -D__FMA__ -D__FSGSBASE__ -D__FXSR__ -D__LZCNT__ -D__MOVBE__ -D__MWAITX__ -D__PCLMUL__ -D__POPCNT__ -D__PRFCHW__ -D__RDPID__ -D__RDRND__ -D__RDSEED__ -D__LAHF_SAHF__ -D__SHA__ -D__WBNOINVD__ -D__XSAVE__ -D__XSAVEC__ -D__XSAVEOPT__ -D__XSAVES__ -D__PGI -D__NVCOMPILER -D_GNU_SOURCE -D_PGCG_SOURCE -I- -I/apps/all/HDF5/1.14.3-NVHPC-24.3-CUDA-12.3.0/include -I/apps/all/Szip/2.1.1-GCCcore-12.2.0/include -I/apps/all/OpenMPI/4.1.6-NVHPC-24.3-CUDA-12.3.0/include -I/apps/all/UCC-CUDA/1.3.0-GCCcore-12.2.0-CUDA-12.3.0/include -I/apps/all/NCCL/2.21.5-GCCcore-12.2.0-CUDA-12.3.0/include -I/apps/all/UCC/1.3.0-GCCcore-12.2.0/include -I/apps/all/PMIx/4.2.2-GCCcore-12.2.0/include -I/apps/all/libfabric/1.16.1-GCCcore-12.2.0/include -I/apps/all/UCX-CUDA/1.16.0-GCCcore-12.2.0-CUDA-12.3.0/include -I/apps/all/GDRCopy/2.4.1-GCCcore-12.2.0/include -I/apps/all/UCX/1.16.0-GCCcore-12.2.0/include -I/apps/all/libevent/2.1.12-GCCcore-12.2.0/include -I/apps/all/hwloc/2.8.0-GCCcore-12.2.0/include -I/apps/all/libpciaccess/0.17-GCCcore-12.2.0/include -I/apps/all/libxml2/2.10.3-GCCcore-12.2.0/include/libxml2 -I/apps/all/libxml2/2.10.3-GCCcore-12.2.0/include -I/apps/all/libarchive/3.6.1-GCCcore-12.2.0/include -I/apps/all/cURL/7.86.0-GCCcore-12.2.0/include -I/apps/all/Python/3.10.8-GCCcore-12.2.0/include -I/apps/all/libffi/3.4.4-GCCcore-12.2.0/include -I/apps/all/GMP/6.2.1-GCCcore-12.2.0/include -I/apps/all/XZ/5.2.7-GCCcore-12.2.0/include -I/apps/all/SQLite/3.39.4-GCCcore-12.2.0/include -I/apps/all/Tcl/8.6.12-GCCcore-12.2.0/include -I/apps/all/libreadline/8.2-GCCcore-12.2.0/include -I/apps/all/ncurses/6.3-GCCcore-12.2.0/include -I/apps/all/bzip2/1.0.8-GCCcore-12.2.0/include -I/apps/all/CUDA/12.3.0/nvvm/include -I/apps/all/CUDA/12.3.0/extras/CUPTI/include -I/apps/all/CUDA/12.3.0/include -I/apps/all/numactl/2.0.16-GCCcore-12.2.0/include -I/apps/all/binutils/2.39-GCCcore-12.2.0/include -I/apps/all/zlib/1.2.12-GCCcore-12.2.0/include --sys_include /apps/all/NVHPC/24.3-CUDA-12.3.0/Linux_x86_64/24.3/compilers/include --sys_include /apps/all/NVHPC/24.3-CUDA-12.3.0/Linux_x86_64/24.3/compilers/include-stdexec --sys_include /apps/all/GCCcore/12.2.0/lib/gcc/x86_64-pc-linux-gnu/12.2.0/../../../../include/c++/12.2.0 --sys_include /apps/all/GCCcore/12.2.0/lib/gcc/x86_64-pc-linux-gnu/12.2.0/../../../../include/c++/12.2.0/x86_64-pc-linux-gnu --sys_include /apps/all/GCCcore/12.2.0/lib/gcc/x86_64-pc-linux-gnu/12.2.0/../../../../include/c++/12.2.0/backward --sys_include /apps/all/GCCcore/12.2.0/lib/gcc/x86_64-pc-linux-gnu/12.2.0/include --sys_include /apps/all/GCCcore/12.2.0/include --sys_include /apps/all/GCCcore/12.2.0/lib/gcc/x86_64-pc-linux-gnu/12.2.0/include-fixed --sys_include /usr/include -D__PGLLVM__ -D__NVCOMPILER_LLVM__ -D__extension__= -D__PIC__ --preinclude _cplus_preinclude.h --preinclude_macros _cplus_macros.h --gnu_version=120200 -D__pgnu_vsn=120200 --no_fixed_bp --dependencies_target_to_stdout CMakeFiles/cmTC_641d7.dir/CMakeCXXCompilerABI.cpp.o --dependencies_to_file CMakeFiles/cmTC_641d7.dir/CMakeCXXCompilerABI.cpp.o.d -q -o /tmp/nvc++zevZdlje8Ad_e.il /apps/all/CMake/3.24.3-GCCcore-12.2.0/share/cmake-3.24/Modules/CMakeCXXCompilerABI.cpp -- /apps/all/CMake/3.24.3-GCCcore-12.2.0/share/cmake-3.24/Modules/CMakeCXXCompilerABI.cpp -opt 3 -x 119 0xa10000 -x 122 0x40 -x 123 0x1000 -x 127 4 -x 127 17 -x 19 0x400000 -x 28 0x40000 -x 120 0x10000000 -x 70 0x8000 -x 122 1 -x 125 0x20000 -quad -vect 56 -y 34 16 -x 37 0x480000 -x 34 0x8 -y 19 8 -y 35 0 -x 42 0x30 -x 39 0x40 -x 199 10 -x 39 0x80 -x 59 4 -tp zen2 -x 120 0x1000 -astype 0 -x 121 1 -fn /apps/all/CMake/3.24.3-GCCcore-12.2.0/share/cmake-3.24/Modules/CMakeCXXCompilerABI.cpp -il /tmp/nvc++zevZdlje8Ad_e.il -x 117 0x200 -x 123 0x80000000 -x 123 4 -x 119 0x20 -def __pgnu_vsn=120200 -x 70 0x40000000 -x 183 4 -x 121 0x800 -x 6 0x20000 -autoinl 10 -x 168 400 -x 174 128000 -x 14 0x200000 -x 14 0x400000 -autoinl 10 -x 168 400 -x 174 128000 -x 14 0x200000 -x 14 0x400000 -x 249 170 -x 120 0x200000 -x 70 0x40000000 -x 8 0x40000000 -x 164 0x800000 -x 71 0x2000 -x 71 0x4000 -x 34 0x40000000 -x 77 0x04 -x 15 0x4 -x 120 0x1000000 -x 73 0x04 -x 231 0x800 -x 68 0x1 -x 39 4 -x 56 0x10 -x 26 0x10 -x 26 1 -x 56 0x4000 -x 197 0 -x 175 0 -x 203 0 -x 204 0 -x 227 0xFFFF -y 163 0xc0000000 -x 189 0x10 -y 189 0x4000000 -x 60 512 -x 9 1 -x 42 0x14200000 -x 136 0x11 -x 129 2 -y 129 0x8000 -quad -x 119 0x10000000 -x 129 0x40000000 -x 56 0x2 -x 9 1 -x 42 0x14200000 -x 136 0x11 -x 62 8 -gnuvsn 120200 -x 69 0x200 -x 123 0x400 -cmdline '+nvc++ /apps/all/CMake/3.24.3-GCCcore-12.2.0/share/cmake-3.24/Modules/CMakeCXXCompilerABI.cpp -tp=zen2 -O3 -Mvect=simd -Mflushz -Mcache_align -Mrecip-div -Mfactorize -Mno-signed-zeros -Minline_cpu_f -fPIC -v -MD -MT CMakeFiles/cmTC_641d7.dir/CMakeCXXCompilerABI.cpp.o -MF CMakeFiles/cmTC_641d7.dir/CMakeCXXCompilerABI.cpp.o.d -o CMakeFiles/cmTC_641d7.dir/CMakeCXXCompilerABI.cpp.o -c' -asm /tmp/nvc++PevZd7MpQYSCV.ll
NVC++/x86-64 Linux 24.3-0: compilation successful

/apps/all/NVHPC/24.3-CUDA-12.3.0/Linux_x86_64/24.3/compilers/share/llvm/bin/opt '-passes=default<O3>' -slp-vectorize-hor=true -memdep-block-scan-limit=160 -nvhpc-consider-undef=true -nvhpc-unswitch-loops-with-trip-count=2 -mcpu=znver2 /tmp/nvc++PevZd7MpQYSCV.ll -S -o /tmp/nvc++XevZdtESuaXWG.llvm

/apps/all/NVHPC/24.3-CUDA-12.3.0/Linux_x86_64/24.3/compilers/share/llvm/bin/llc /tmp/nvc++XevZdtESuaXWG.llvm -march=x86-64 -mcpu=znver2 -mattr=+mmx -mattr=+sse -mattr=+sse2 -mattr=+sse3 -mattr=+ssse3 -mattr=+sse4a -mattr=+sse4.1 -mattr=+sse4.2 -mattr=+avx -mattr=+avx2 -mattr=+f16c -mattr=+fma -mattr=+xsave -mattr=+xsaveopt -mattr=+xsavec -mattr=+xsaves -mattr=+popcnt -mattr=+sha -mattr=+aes -mattr=+pclmul -mattr=+clflushopt -mattr=+fsgsbase -mattr=+rdrnd -mattr=+bmi -mattr=+bmi2 -mattr=+lzcnt -mattr=+fxsr -mattr=+mwaitx -mattr=+clzero -mattr=+adx -mattr=+clwb -mattr=+movbe -mattr=+prfchw -mattr=+rdpid -mattr=+rdseed -mattr=+sahf -mattr=+wbnoinvd -O3 -x86-cmov-converter=0 -dwarf-directory=false -non-global-value-max-name-size=4294967295 --align-all-functions=6 -nvhpc-memzero -relocation-model=pic -filetype=obj --frame-pointer=none -o CMakeFiles/cmTC_641d7.dir/CMakeCXXCompilerABI.cpp.o
Unlinking /tmp/nvc++zevZdlje8Ad_e.il
Unlinking /tmp/nvc++HevZdJsfnIV9n.s
Unlinking /tmp/nvc++PevZd7MpQYSCV.ll
Unlinking /tmp/nvc++XevZdtESuaXWG.llvm
Linking CXX executable cmTC_641d7
/apps/all/CMake/3.24.3-GCCcore-12.2.0/bin/cmake -E cmake_link_script CMakeFiles/cmTC_641d7.dir/link.txt --verbose=1
/apps/all/NVHPC/24.3-CUDA-12.3.0/Linux_x86_64/24.3/compilers/bin/nvc++ -O3 -fPIC -tp=zen2   -v CMakeFiles/cmTC_641d7.dir/CMakeCXXCompilerABI.cpp.o -o cmTC_641d7 
Export NVCOMPILER=/apps/all/NVHPC/24.3-CUDA-12.3.0/Linux_x86_64/24.3
Export PGI=/apps/all/NVHPC/24.3-CUDA-12.3.0

/apps/all/binutils/2.39-GCCcore-12.2.0/bin/ld /usr/lib64/crt1.o /usr/lib64/crti.o /apps/all/GCCcore/12.2.0/lib/gcc/x86_64-pc-linux-gnu/12.2.0//crtbegin.o --eh-frame-hdr -m elf_x86_64 -dynamic-linker /lib64/ld-linux-x86-64.so.2 -T /apps/all/NVHPC/24.3-CUDA-12.3.0/Linux_x86_64/24.3/compilers/lib/nvhpc.ld -L/apps/all/HDF5/1.14.3-NVHPC-24.3-CUDA-12.3.0/lib -L/apps/all/Szip/2.1.1-GCCcore-12.2.0/lib -L/apps/all/OpenMPI/4.1.6-NVHPC-24.3-CUDA-12.3.0/lib -L/apps/all/UCC-CUDA/1.3.0-GCCcore-12.2.0-CUDA-12.3.0/lib -L/apps/all/NCCL/2.21.5-GCCcore-12.2.0-CUDA-12.3.0/lib -L/apps/all/UCC/1.3.0-GCCcore-12.2.0/lib -L/apps/all/PMIx/4.2.2-GCCcore-12.2.0/lib -L/apps/all/libfabric/1.16.1-GCCcore-12.2.0/lib -L/apps/all/GDRCopy/2.4.1-GCCcore-12.2.0/lib -L/apps/all/UCX/1.16.0-GCCcore-12.2.0/lib -L/apps/all/libevent/2.1.12-GCCcore-12.2.0/lib -L/apps/all/hwloc/2.8.0-GCCcore-12.2.0/lib -L/apps/all/libpciaccess/0.17-GCCcore-12.2.0/lib -L/apps/all/libxml2/2.10.3-GCCcore-12.2.0/lib -L/apps/all/libarchive/3.6.1-GCCcore-12.2.0/lib -L/apps/all/cURL/7.86.0-GCCcore-12.2.0/lib -L/apps/all/Python/3.10.8-GCCcore-12.2.0/lib -L/apps/all/libffi/3.4.4-GCCcore-12.2.0/lib64 -L/apps/all/libffi/3.4.4-GCCcore-12.2.0/lib -L/apps/all/GMP/6.2.1-GCCcore-12.2.0/lib -L/apps/all/XZ/5.2.7-GCCcore-12.2.0/lib -L/apps/all/SQLite/3.39.4-GCCcore-12.2.0/lib -L/apps/all/Tcl/8.6.12-GCCcore-12.2.0/lib -L/apps/all/libreadline/8.2-GCCcore-12.2.0/lib -L/apps/all/ncurses/6.3-GCCcore-12.2.0/lib -L/apps/all/bzip2/1.0.8-GCCcore-12.2.0/lib -L/apps/all/NVHPC/24.3-CUDA-12.3.0/Linux_x86_64/24.3/compilers/lib -L/apps/all/CUDA/12.3.0/stubs/lib64 -L/apps/all/CUDA/12.3.0/lib -L/apps/all/numactl/2.0.16-GCCcore-12.2.0/lib -L/apps/all/binutils/2.39-GCCcore-12.2.0/lib -L/apps/all/zlib/1.2.12-GCCcore-12.2.0/lib -L/apps/all/NVHPC/24.3-CUDA-12.3.0/Linux_x86_64/24.3/compilers/lib -L/usr/lib64 -L/apps/all/GCCcore/12.2.0/lib/gcc/x86_64-pc-linux-gnu/12.2.0/ CMakeFiles/cmTC_641d7.dir/CMakeCXXCompilerABI.cpp.o -rpath /apps/all/NVHPC/24.3-CUDA-12.3.0/Linux_x86_64/24.3/compilers/lib -o cmTC_641d7 -L/apps/all/GCCcore/12.2.0/lib/gcc/x86_64-pc-linux-gnu/12.2.0//../../../../lib64 -latomic -lnvhpcatm -lstdc++ -lnvomp -ldl --as-needed -lnvhpcatm -latomic --no-as-needed -lpthread -lnvcpumath-avx2 -lnsnvc -lnvc -lgcc -lc -lgcc_s -lm /apps/all/GCCcore/12.2.0/lib/gcc/x86_64-pc-linux-gnu/12.2.0//crtend.o /usr/lib64/crtn.o
gmake[1]: Leaving directory '/home/xkrato61/pcg/PCG-proj2/build/CMakeFiles/CMakeTmp'



Parsed CXX implicit include dir info from above output: rv=start
  warn: unable to parse implicit include dirs!


Parsed CXX implicit link information from above output:
  link line regex: [^( *|.*[/\])(ld|CMAKE_LINK_STARTFILE-NOTFOUND|([^/\]+-)?ld|collect2)[^/\]*( |$)]
  ignore line: [Change Dir: /home/xkrato61/pcg/PCG-proj2/build/CMakeFiles/CMakeTmp]
  ignore line: []
  ignore line: [Run Build Command(s):/usr/bin/gmake -f Makefile cmTC_641d7/fast && /usr/bin/gmake  -f CMakeFiles/cmTC_641d7.dir/build.make CMakeFiles/cmTC_641d7.dir/build]
  ignore line: [gmake[1]: Entering directory '/home/xkrato61/pcg/PCG-proj2/build/CMakeFiles/CMakeTmp']
  ignore line: [Building CXX object CMakeFiles/cmTC_641d7.dir/CMakeCXXCompilerABI.cpp.o]
  ignore line: [/apps/all/NVHPC/24.3-CUDA-12.3.0/Linux_x86_64/24.3/compilers/bin/nvc++   -O3 -fPIC -tp=zen2    -v -MD -MT CMakeFiles/cmTC_641d7.dir/CMakeCXXCompilerABI.cpp.o -MF CMakeFiles/cmTC_641d7.dir/CMakeCXXCompilerABI.cpp.o.d -o CMakeFiles/cmTC_641d7.dir/CMakeCXXCompilerABI.cpp.o -c /apps/all/CMake/3.24.3-GCCcore-12.2.0/share/cmake-3.24/Modules/CMakeCXXCompilerABI.cpp]
  ignore line: [Export NVCOMPILER=/apps/all/NVHPC/24.3-CUDA-12.3.0/Linux_x86_64/24.3]
  ignore line: [Export PGI=/apps/all/NVHPC/24.3-CUDA-12.3.0]
  ignore line: [Create file CMakeFiles/cmTC_641d7.dir/CMakeCXXCompilerABI.cpp.o.d]
  ignore line: []
  ignore line: [/apps/all/NVHPC/24.3-CUDA-12.3.0/Linux_x86_64/24.3/compilers/bin/tools/nvcpfe -- --llalign -D__GNUC__=12 -D__GNUC_MINOR__=2 -D__GNUC_PATCHLEVEL__=0 -D__unix -D__unix__ -Dunix -Dlinux -D__linux -D__linux__ -D__NO_MATH_INLINES -D__LP64__ -D__x86_64 -D__x86_64__ -D__LONG_MAX__=9223372036854775807L '-D__SIZE_TYPE__=unsigned long int' '-D__PTRDIFF_TYPE__=long int' -D__amd64 -D__amd64__ -D__k8 -D__k8__ -D__MMX__ -D__SSE_MATH__ -D__MMX_WITH_SSE__ -D__SSE__ -D__SSE2__ -D__SSE2_MATH__ -D__SSE3__ -D__SSSE3__ -D__SSE4A__ -D__SSE4_1__ -D__SSE4_2__ -D__ABM__ -D__ADX__ -D__AES__ -D__AVX__ -D__AVX2__ -D__BMI__ -D__BMI2__ -D__CLFLUSHOPT__ -D__CLWB__ -D__CLZERO__ -D__F16C__ -D__FMA__ -D__FSGSBASE__ -D__FXSR__ -D__LZCNT__ -D__MOVBE__ -D__MWAITX__ -D__PCLMUL__ -D__POPCNT__ -D__PRFCHW__ -D__RDPID__ -D__RDRND__ -D__RDSEED__ -D__LAHF_SAHF__ -D__SHA__ -D__WBNOINVD__ -D__XSAVE__ -D__XSAVEC__ -D__XSAVEOPT__ -D__XSAVES__ -D__PGI -D__NVCOMPILER -D_GNU_SOURCE -D_PGCG_SOURCE -I- -I/apps/all/HDF5/1.14.3-NVHPC-24.3-CUDA-12.3.0/include -I/apps/all/Szip/2.1.1-GCCcore-12.2.0/include -I/apps/all/OpenMPI/4.1.6-NVHPC-24.3-CUDA-12.3.0/include -I/apps/all/UCC-CUDA/1.3.0-GCCcore-12.2.0-CUDA-12.3.0/include -I/apps/all/NCCL/2.21.5-GCCcore-12.2.0-CUDA-12.3.0/include -I/apps/all/UCC/1.3.0-GCCcore-12.2.0/include -I/apps/all/PMIx/4.2.2-GCCcore-12.2.0/include -I/apps/all/libfabric/1.16.1-GCCcore-12.2.0/include -I/apps/all/UCX-CUDA/1.16.0-GCCcore-12.2.0-CUDA-12.3.0/include -I/apps/all/GDRCopy/2.4.1-GCCcore-12.2.0/include -I/apps/all/UCX/1.16.0-GCCcore-12.2.0/include -I/apps/all/libevent/2.1.12-GCCcore-12.2.0/include -I/apps/all/hwloc/2.8.0-GCCcore-12.2.0/include -I/apps/all/libpciaccess/0.17-GCCcore-12.2.0/include -I/apps/all/libxml2/2.10.3-GCCcore-12.2.0/include/libxml2 -I/apps/all/libxml2/2.10.3-GCCcore-12.2.0/include -I/apps/all/libarchive/3.6.1-GCCcore-12.2.0/include -I/apps/all/cURL/7.86.0-GCCcore-12.2.0/include -I/apps/all/Python/3.10.8-GCCcore-12.2.0/include -I/apps/all/libffi/3.4.4-GCCcore-12.2.0/include -I/apps/all/GMP/6.2.1-GCCcore-12.2.0/include -I/apps/all/XZ/5.2.7-GCCcore-12.2.0/include -I/apps/all/SQLite/3.39.4-GCCcore-12.2.0/include -I/apps/all/Tcl/8.6.12-GCCcore-12.2.0/include -I/apps/all/libreadline/8.2-GCCcore-12.2.0/include -I/apps/all/ncurses/6.3-GCCcore-12.2.0/include -I/apps/all/bzip2/1.0.8-GCCcore-12.2.0/include -I/apps/all/CUDA/12.3.0/nvvm/include -I/apps/all/CUDA/12.3.0/extras/CUPTI/include -I/apps/all/CUDA/12.3.0/include -I/apps/all/numactl/2.0.16-GCCcore-12.2.0/include -I/apps/all/binutils/2.39-GCCcore-12.2.0/include -I/apps/all/zlib/1.2.12-GCCcore-12.2.0/include --sys_include /apps/all/NVHPC/24.3-CUDA-12.3.0/Linux_x86_64/24.3/compilers/include --sys_include /apps/all/NVHPC/24.3-CUDA-12.3.0/Linux_x86_64/24.3/compilers/include-stdexec --sys_include /apps/all/GCCcore/12.2.0/lib/gcc/x86_64-pc-linux-gnu/12.2.0/../../../../include/c++/12.2.0 --sys_include /apps/all/GCCcore/12.2.0/lib/gcc/x86_64-pc-linux-gnu/12.2.0/../../../../include/c++/12.2.0/x86_64-pc-linux-gnu --sys_include /apps/all/GCCcore/12.2.0/lib/gcc/x86_64-pc-linux-gnu/12.2.0/../../../../include/c++/12.2.0/backward --sys_include /apps/all/GCCcore/12.2.0/lib/gcc/x86_64-pc-linux-gnu/12.2.0/include --sys_include /apps/all/GCCcore/12.2.0/include --sys_include /apps/all/GCCcore/12.2.0/lib/gcc/x86_64-pc-linux-gnu/12.2.0/include-fixed --sys_include /usr/include -D__PGLLVM__ -D__NVCOMPILER_LLVM__ -D__extension__= -D__PIC__ --preinclude _cplus_preinclude.h --preinclude_macros _cplus_macros.h --gnu_version=120200 -D__pgnu_vsn=120200 --no_fixed_bp --dependencies_target_to_stdout CMakeFiles/cmTC_641d7.dir/CMakeCXXCompilerABI.cpp.o --dependencies_to_file CMakeFiles/cmTC_641d7.dir/CMakeCXXCompilerABI.cpp.o.d -q -o /tmp/nvc++zevZdlje8Ad_e.il /apps/all/CMake/3.24.3-GCCcore-12.2.0/share/cmake-3.24/Modules/CMakeCXXCompilerABI.cpp -- /apps/all/CMake/3.24.3-GCCcore-12.2.0/share/cmake-3.24/Modules/CMakeCXXCompilerABI.cpp -opt 3 -x 119 0xa10000 -x 122 0x40 -x 123 0x1000 -x 127 4 -x 127 17 -x 19 0x400000 -x 28 0x40000 -x 120 0x10000000 -x 70 0x8000 -x 122 1 -x 125 0x20000 -quad -vect 56 -y 34 16 -x 37 0x480000 -x 34 0x8 -y 19 8 -y 35 0 -x 42 0x30 -x 39 0x40 -x 199 10 -x 39 0x80 -x 59 4 -tp zen2 -x 120 0x1000 -astype 0 -x 121 1 -fn /apps/all/CMake/3.24.3-GCCcore-12.2.0/share/cmake-3.24/Modules/CMakeCXXCompilerABI.cpp -il /tmp/nvc++zevZdlje8Ad_e.il -x 117 0x200 -x 123 0x80000000 -x 123 4 -x 119 0x20 -def __pgnu_vsn=120200 -x 70 0x40000000 -x 183 4 -x 121 0x800 -x 6 0x20000 -autoinl 10 -x 168 400 -x 174 128000 -x 14 0x200000 -x 14 0x400000 -autoinl 10 -x 168 400 -x 174 128000 -x 14 0x200000 -x 14 0x400000 -x 249 170 -x 120 0x200000 -x 70 0x40000000 -x 8 0x40000000 -x 164 0x800000 -x 71 0x2000 -x 71 0x4000 -x 34 0x40000000 -x 77 0x04 -x 15 0x4 -x 120 0x1000000 -x 73 0x04 -x 231 0x800 -x 68 0x1 -x 39 4 -x 56 0x10 -x 26 0x10 -x 26 1 -x 56 0x4000 -x 197 0 -x 175 0 -x 203 0 -x 204 0 -x 227 0xFFFF -y 163 0xc0000000 -x 189 0x10 -y 189 0x4000000 -x 60 512 -x 9 1 -x 42 0x14200000 -x 136 0x11 -x 129 2 -y 129 0x8000 -quad -x 119 0x10000000 -x 129 0x40000000 -x 56 0x2 -x 9 1 -x 42 0x14200000 -x 136 0x11 -x 62 8 -gnuvsn 120200 -x 69 0x200 -x 123 0x400 -cmdline '+nvc++ /apps/all/CMake/3.24.3-GCCcore-12.2.0/share/cmake-3.24/Modules/CMakeCXXCompilerABI.cpp -tp=zen2 -O3 -Mvect=simd -Mflushz -Mcache_align -Mrecip-div -Mfactorize -Mno-signed-zeros -Minline_cpu_f -fPIC -v -MD -MT CMakeFiles/cmTC_641d7.dir/CMakeCXXCompilerABI.cpp.o -MF CMakeFiles/cmTC_641d7.dir/CMakeCXXCompilerABI.cpp.o.d -o CMakeFiles/cmTC_641d7.dir/CMakeCXXCompilerABI.cpp.o -c' -asm /tmp/nvc++PevZd7MpQYSCV.ll]
  ignore line: [NVC++/x86-64 Linux 24.3-0: compilation successful]
  ignore line: []
  ignore line: [/apps/all/NVHPC/24.3-CUDA-12.3.0/Linux_x86_64/24.3/compilers/share/llvm/bin/opt '-passes=default<O3>' -slp-vectorize-hor=true -memdep-block-scan-limit=160 -nvhpc-consider-undef=true -nvhpc-unswitch-loops-with-trip-count=2 -mcpu=znver2 /tmp/nvc++PevZd7MpQYSCV.ll -S -o /tmp/nvc++XevZdtESuaXWG.llvm]
  ignore line: []
  ignore line: [/apps/all/NVHPC/24.3-CUDA-12.3.0/Linux_x86_64/24.3/compilers/share/llvm/bin/llc /tmp/nvc++XevZdtESuaXWG.llvm -march=x86-64 -mcpu=znver2 -mattr=+mmx -mattr=+sse -mattr=+sse2 -mattr=+sse3 -mattr=+ssse3 -mattr=+sse4a -mattr=+sse4.1 -mattr=+sse4.2 -mattr=+avx -mattr=+avx2 -mattr=+f16c -mattr=+fma -mattr=+xsave -mattr=+xsaveopt -mattr=+xsavec -mattr=+xsaves -mattr=+popcnt -mattr=+sha -mattr=+aes -mattr=+pclmul -mattr=+clflushopt -mattr=+fsgsbase -mattr=+rdrnd -mattr=+bmi -mattr=+bmi2 -mattr=+lzcnt -mattr=+fxsr -mattr=+mwaitx -mattr=+clzero -mattr=+adx -mattr=+clwb -mattr=+movbe -mattr=+prfchw -mattr=+rdpid -mattr=+rdseed -mattr=+sahf -mattr=+wbnoinvd -O3 -x86-cmov-converter=0 -dwarf-directory=false -non-global-value-max-name-size=4294967295 --align-all-functions=6 -nvhpc-memzero -relocation-model=pic -filetype=obj --frame-pointer=none -o CMakeFiles/cmTC_641d7.dir/CMakeCXXCompilerABI.cpp.o]
  ignore line: [Unlinking /tmp/nvc++zevZdlje8Ad_e.il]
  ignore line: [Unlinking /tmp/nvc++HevZdJsfnIV9n.s]
  ignore line: [Unlinking /tmp/nvc++PevZd7MpQYSCV.ll]
  ignore line: [Unlinking /tmp/nvc++XevZdtESuaXWG.llvm]
  ignore line: [Linking CXX executable cmTC_641d7]
  ignore line: [/apps/all/CMake/3.24.3-GCCcore-12.2.0/bin/cmake -E cmake_link_script CMakeFiles/cmTC_641d7.dir/link.txt --verbose=1]
  ignore line: [/apps/all/NVHPC/24.3-CUDA-12.3.0/Linux_x86_64/24.3/compilers/bin/nvc++ -O3 -fPIC -tp=zen2   -v CMakeFiles/cmTC_641d7.dir/CMakeCXXCompilerABI.cpp.o -o cmTC_641d7 ]
  ignore line: [Export NVCOMPILER=/apps/all/NVHPC/24.3-CUDA-12.3.0/Linux_x86_64/24.3]
  ignore line: [Export PGI=/apps/all/NVHPC/24.3-CUDA-12.3.0]
  ignore line: []
  link line: [/apps/all/binutils/2.39-GCCcore-12.2.0/bin/ld /usr/lib64/crt1.o /usr/lib64/crti.o /apps/all/GCCcore/12.2.0/lib/gcc/x86_64-pc-linux-gnu/12.2.0//crtbegin.o --eh-frame-hdr -m elf_x86_64 -dynamic-linker /lib64/ld-linux-x86-64.so.2 -T /apps/all/NVHPC/24.3-CUDA-12.3.0/Linux_x86_64/24.3/compilers/lib/nvhpc.ld -L/apps/all/HDF5/1.14.3-NVHPC-24.3-CUDA-12.3.0/lib -L/apps/all/Szip/2.1.1-GCCcore-12.2.0/lib -L/apps/all/OpenMPI/4.1.6-NVHPC-24.3-CUDA-12.3.0/lib -L/apps/all/UCC-CUDA/1.3.0-GCCcore-12.2.0-CUDA-12.3.0/lib -L/apps/all/NCCL/2.21.5-GCCcore-12.2.0-CUDA-12.3.0/lib -L/apps/all/UCC/1.3.0-GCCcore-12.2.0/lib -L/apps/all/PMIx/4.2.2-GCCcore-12.2.0/lib -L/apps/all/libfabric/1.16.1-GCCcore-12.2.0/lib -L/apps/all/GDRCopy/2.4.1-GCCcore-12.2.0/lib -L/apps/all/UCX/1.16.0-GCCcore-12.2.0/lib -L/apps/all/libevent/2.1.12-GCCcore-12.2.0/lib -L/apps/all/hwloc/2.8.0-GCCcore-12.2.0/lib -L/apps/all/libpciaccess/0.17-GCCcore-12.2.0/lib -L/apps/all/libxml2/2.10.3-GCCcore-12.2.0/lib -L/apps/all/libarchive/3.6.1-GCCcore-12.2.0/lib -L/apps/all/cURL/7.86.0-GCCcore-12.2.0/lib -L/apps/all/Python/3.10.8-GCCcore-12.2.0/lib -L/apps/all/libffi/3.4.4-GCCcore-12.2.0/lib64 -L/apps/all/libffi/3.4.4-GCCcore-12.2.0/lib -L/apps/all/GMP/6.2.1-GCCcore-12.2.0/lib -L/apps/all/XZ/5.2.7-GCCcore-12.2.0/lib -L/apps/all/SQLite/3.39.4-GCCcore-12.2.0/lib -L/apps/all/Tcl/8.6.12-GCCcore-12.2.0/lib -L/apps/all/libreadline/8.2-GCCcore-12.2.0/lib -L/apps/all/ncurses/6.3-GCCcore-12.2.0/lib -L/apps/all/bzip2/1.0.8-GCCcore-12.2.0/lib -L/apps/all/NVHPC/24.3-CUDA-12.3.0/Linux_x86_64/24.3/compilers/lib -L/apps/all/CUDA/12.3.0/stubs/lib64 -L/apps/all/CUDA/12.3.0/lib -L/apps/all/numactl/2.0.16-GCCcore-12.2.0/lib -L/apps/all/binutils/2.39-GCCcore-12.2.0/lib -L/apps/all/zlib/1.2.12-GCCcore-12.2.0/lib -L/apps/all/NVHPC/24.3-CUDA-12.3.0/Linux_x86_64/24.3/compilers/lib -L/usr/lib64 -L/apps/all/GCCcore/12.2.0/lib/gcc/x86_64-pc-linux-gnu/12.2.0/ CMakeFiles/cmTC_641d7.dir/CMakeCXXCompilerABI.cpp.o -rpath /apps/all/NVHPC/24.3-CUDA-12.3.0/Linux_x86_64/24.3/compilers/lib -o cmTC_641d7 -L/apps/all/GCCcore/12.2.0/lib/gcc/x86_64-pc-linux-gnu/12.2.0//../../../../lib64 -latomic -lnvhpcatm -lstdc++ -lnvomp -ldl --as-needed -lnvhpcatm -latomic --no-as-needed -lpthread -lnvcpumath-avx2 -lnsnvc -lnvc -lgcc -lc -lgcc_s -lm /apps/all/GCCcore/12.2.0/lib/gcc/x86_64-pc-linux-gnu/12.2.0//crtend.o /usr/lib64/crtn.o]
    arg [/apps/all/binutils/2.39-GCCcore-12.2.0/bin/ld] ==> ignore
    arg [/usr/lib64/crt1.o] ==> obj [/usr/lib64/crt1.o]
    arg [/usr/lib64/crti.o] ==> obj [/usr/lib64/crti.o]
    arg [/apps/all/GCCcore/12.2.0/lib/gcc/x86_64-pc-linux-gnu/12.2.0//crtbegin.o] ==> obj [/apps/all/GCCcore/12.2.0/lib/gcc/x86_64-pc-linux-gnu/12.2.0//crtbegin.o]
    arg [--eh-frame-hdr] ==> ignore
    arg [-m] ==> ignore
    arg [elf_x86_64] ==> ignore
    arg [-dynamic-linker] ==> ignore
    arg [/lib64/ld-linux-x86-64.so.2] ==> ignore
    arg [-T] ==> ignore
    arg [/apps/all/NVHPC/24.3-CUDA-12.3.0/Linux_x86_64/24.3/compilers/lib/nvhpc.ld] ==> ignore
    arg [-L/apps/all/HDF5/1.14.3-NVHPC-24.3-CUDA-12.3.0/lib] ==> dir [/apps/all/HDF5/1.14.3-NVHPC-24.3-CUDA-12.3.0/lib]
    arg [-L/apps/all/Szip/2.1.1-GCCcore-12.2.0/lib] ==> dir [/apps/all/Szip/2.1.1-GCCcore-12.2.0/lib]
    arg [-L/apps/all/OpenMPI/4.1.6-NVHPC-24.3-CUDA-12.3.0/lib] ==> dir [/apps/all/OpenMPI/4.1.6-NVHPC-24.3-CUDA-12.3.0/lib]
    arg [-L/apps/all/UCC-CUDA/1.3.0-GCCcore-12.2.0-CUDA-12.3.0/lib] ==> dir [/apps/all/UCC-CUDA/1.3.0-GCCcore-12.2.0-CUDA-12.3.0/lib]
    arg [-L/apps/all/NCCL/2.21.5-GCCcore-12.2.0-CUDA-12.3.0/lib] ==> dir [/apps/all/NCCL/2.21.5-GCCcore-12.2.0-CUDA-12.3.0/lib]
    arg [-L/apps/all/UCC/1.3.0-GCCcore-12.2.0/lib] ==> dir [/apps/all/UCC/1.3.0-GCCcore-12.2.0/lib]
    arg [-L/apps/all/PMIx/4.2.2-GCCcore-12.2.0/lib] ==> dir [/apps/all/PMIx/4.2.2-GCCcore-12.2.0/lib]
    arg [-L/apps/all/libfabric/1.16.1-GCCcore-12.2.0/lib] ==> dir [/apps/all/libfabric/1.16.1-GCCcore-12.2.0/lib]
    arg [-L/apps/all/GDRCopy/2.4.1-GCCcore-12.2.0/lib] ==> dir [/apps/all/GDRCopy/2.4.1-GCCcore-12.2.0/lib]
    arg [-L/apps/all/UCX/1.16.0-GCCcore-12.2.0/lib] ==> dir [/apps/all/UCX/1.16.0-GCCcore-12.2.0/lib]
    arg [-L/apps/all/libevent/2.1.12-GCCcore-12.2.0/lib] ==> dir [/apps/all/libevent/2.1.12-GCCcore-12.2.0/lib]
    arg [-L/apps/all/hwloc/2.8.0-GCCcore-12.2.0/lib] ==> dir [/apps/all/hwloc/2.8.0-GCCcore-12.2.0/lib]
    arg [-L/apps/all/libpciaccess/0.17-GCCcore-12.2.0/lib] ==> dir [/apps/all/libpciaccess/0.17-GCCcore-12.2.0/lib]
    arg [-L/apps/all/libxml2/2.10.3-GCCcore-12.2.0/lib] ==> dir [/apps/all/libxml2/2.10.3-GCCcore-12.2.0/lib]
    arg [-L/apps/all/libarchive/3.6.1-GCCcore-12.2.0/lib] ==> dir [/apps/all/libarchive/3.6.1-GCCcore-12.2.0/lib]
    arg [-L/apps/all/cURL/7.86.0-GCCcore-12.2.0/lib] ==> dir [/apps/all/cURL/7.86.0-GCCcore-12.2.0/lib]
    arg [-L/apps/all/Python/3.10.8-GCCcore-12.2.0/lib] ==> dir [/apps/all/Python/3.10.8-GCCcore-12.2.0/lib]
    arg [-L/apps/all/libffi/3.4.4-GCCcore-12.2.0/lib64] ==> dir [/apps/all/libffi/3.4.4-GCCcore-12.2.0/lib64]
    arg [-L/apps/all/libffi/3.4.4-GCCcore-12.2.0/lib] ==> dir [/apps/all/libffi/3.4.4-GCCcore-12.2.0/lib]
    arg [-L/apps/all/GMP/6.2.1-GCCcore-12.2.0/lib] ==> dir [/apps/all/GMP/6.2.1-GCCcore-12.2.0/lib]
    arg [-L/apps/all/XZ/5.2.7-GCCcore-12.2.0/lib] ==> dir [/apps/all/XZ/5.2.7-GCCcore-12.2.0/lib]
    arg [-L/apps/all/SQLite/3.39.4-GCCcore-12.2.0/lib] ==> dir [/apps/all/SQLite/3.39.4-GCCcore-12.2.0/lib]
    arg [-L/apps/all/Tcl/8.6.12-GCCcore-12.2.0/lib] ==> dir [/apps/all/Tcl/8.6.12-GCCcore-12.2.0/lib]
    arg [-L/apps/all/libreadline/8.2-GCCcore-12.2.0/lib] ==> dir [/apps/all/libreadline/8.2-GCCcore-12.2.0/lib]
    arg [-L/apps/all/ncurses/6.3-GCCcore-12.2.0/lib] ==> dir [/apps/all/ncurses/6.3-GCCcore-12.2.0/lib]
    arg [-L/apps/all/bzip2/1.0.8-GCCcore-12.2.0/lib] ==> dir [/apps/all/bzip2/1.0.8-GCCcore-12.2.0/lib]
    arg [-L/apps/all/NVHPC/24.3-CUDA-12.3.0/Linux_x86_64/24.3/compilers/lib] ==> dir [/apps/all/NVHPC/24.3-CUDA-12.3.0/Linux_x86_64/24.3/compilers/lib]
    arg [-L/apps/all/CUDA/12.3.0/stubs/lib64] ==> dir [/apps/all/CUDA/12.3.0/stubs/lib64]
    arg [-L/apps/all/CUDA/12.3.0/lib] ==> dir [/apps/all/CUDA/12.3.0/lib]
    arg [-L/apps/all/numactl/2.0.16-GCCcore-12.2.0/lib] ==> dir [/apps/all/numactl/2.0.16-GCCcore-12.2.0/lib]
    arg [-L/apps/all/binutils/2.39-GCCcore-12.2.0/lib] ==> dir [/apps/all/binutils/2.39-GCCcore-12.2.0/lib]
    arg [-L/apps/all/zlib/1.2.12-GCCcore-12.2.0/lib] ==> dir [/apps/all/zlib/1.2.12-GCCcore-12.2.0/lib]
    arg [-L/apps/all/NVHPC/24.3-CUDA-12.3.0/Linux_x86_64/24.3/compilers/lib] ==> dir [/apps/all/NVHPC/24.3-CUDA-12.3.0/Linux_x86_64/24.3/compilers/lib]
    arg [-L/usr/lib64] ==> dir [/usr/lib64]
    arg [-L/apps/all/GCCcore/12.2.0/lib/gcc/x86_64-pc-linux-gnu/12.2.0/] ==> dir [/apps/all/GCCcore/12.2.0/lib/gcc/x86_64-pc-linux-gnu/12.2.0/]
    arg [CMakeFiles/cmTC_641d7.dir/CMakeCXXCompilerABI.cpp.o] ==> ignore
    arg [-rpath] ==> ignore
    arg [/apps/all/NVHPC/24.3-CUDA-12.3.0/Linux_x86_64/24.3/compilers/lib] ==> ignore
    arg [-o] ==> ignore
    arg [cmTC_641d7] ==> ignore
    arg [-L/apps/all/GCCcore/12.2.0/lib/gcc/x86_64-pc-linux-gnu/12.2.0//../../../../lib64] ==> dir [/apps/all/GCCcore/12.2.0/lib/gcc/x86_64-pc-linux-gnu/12.2.0//../../../../lib64]
    arg [-latomic] ==> lib [atomic]
    arg [-lnvhpcatm] ==> lib [nvhpcatm]
    arg [-lstdc++] ==> lib [stdc++]
    arg [-lnvomp] ==> lib [nvomp]
    arg [-ldl] ==> lib [dl]
    arg [--as-needed] ==> ignore
    arg [-lnvhpcatm] ==> lib [nvhpcatm]
    arg [-latomic] ==> lib [atomic]
    arg [--no-as-needed] ==> ignore
    arg [-lpthread] ==> lib [pthread]
    arg [-lnvcpumath-avx2] ==> lib [nvcpumath-avx2]
    arg [-lnsnvc] ==> lib [nsnvc]
    arg [-lnvc] ==> lib [nvc]
    arg [-lgcc] ==> lib [gcc]
    arg [-lc] ==> lib [c]
    arg [-lgcc_s] ==> lib [gcc_s]
    arg [-lm] ==> lib [m]
    arg [/apps/all/GCCcore/12.2.0/lib/gcc/x86_64-pc-linux-gnu/12.2.0//crtend.o] ==> obj [/apps/all/GCCcore/12.2.0/lib/gcc/x86_64-pc-linux-gnu/12.2.0//crtend.o]
    arg [/usr/lib64/crtn.o] ==> obj [/usr/lib64/crtn.o]
  collapse obj [/apps/all/GCCcore/12.2.0/lib/gcc/x86_64-pc-linux-gnu/12.2.0//crtbegin.o] ==> [/apps/all/GCCcore/12.2.0/lib/gcc/x86_64-pc-linux-gnu/12.2.0/crtbegin.o]
  collapse obj [/apps/all/GCCcore/12.2.0/lib/gcc/x86_64-pc-linux-gnu/12.2.0//crtend.o] ==> [/apps/all/GCCcore/12.2.0/lib/gcc/x86_64-pc-linux-gnu/12.2.0/crtend.o]
  collapse library dir [/apps/all/HDF5/1.14.3-NVHPC-24.3-CUDA-12.3.0/lib] ==> [/apps/all/HDF5/1.14.3-NVHPC-24.3-CUDA-12.3.0/lib]
  collapse library dir [/apps/all/Szip/2.1.1-GCCcore-12.2.0/lib] ==> [/apps/all/Szip/2.1.1-GCCcore-12.2.0/lib]
  collapse library dir [/apps/all/OpenMPI/4.1.6-NVHPC-24.3-CUDA-12.3.0/lib] ==> [/apps/all/OpenMPI/4.1.6-NVHPC-24.3-CUDA-12.3.0/lib]
  collapse library dir [/apps/all/UCC-CUDA/1.3.0-GCCcore-12.2.0-CUDA-12.3.0/lib] ==> [/apps/all/UCC-CUDA/1.3.0-GCCcore-12.2.0-CUDA-12.3.0/lib]
  collapse library dir [/apps/all/NCCL/2.21.5-GCCcore-12.2.0-CUDA-12.3.0/lib] ==> [/apps/all/NCCL/2.21.5-GCCcore-12.2.0-CUDA-12.3.0/lib]
  collapse library dir [/apps/all/UCC/1.3.0-GCCcore-12.2.0/lib] ==> [/apps/all/UCC/1.3.0-GCCcore-12.2.0/lib]
  collapse library dir [/apps/all/PMIx/4.2.2-GCCcore-12.2.0/lib] ==> [/apps/all/PMIx/4.2.2-GCCcore-12.2.0/lib]
  collapse library dir [/apps/all/libfabric/1.16.1-GCCcore-12.2.0/lib] ==> [/apps/all/libfabric/1.16.1-GCCcore-12.2.0/lib]
  collapse library dir [/apps/all/GDRCopy/2.4.1-GCCcore-12.2.0/lib] ==> [/apps/all/GDRCopy/2.4.1-GCCcore-12.2.0/lib]
  collapse library dir [/apps/all/UCX/1.16.0-GCCcore-12.2.0/lib] ==> [/apps/all/UCX/1.16.0-GCCcore-12.2.0/lib]
  collapse library dir [/apps/all/libevent/2.1.12-GCCcore-12.2.0/lib] ==> [/apps/all/libevent/2.1.12-GCCcore-12.2.0/lib]
  collapse library dir [/apps/all/hwloc/2.8.0-GCCcore-12.2.0/lib] ==> [/apps/all/hwloc/2.8.0-GCCcore-12.2.0/lib]
  collapse library dir [/apps/all/libpciaccess/0.17-GCCcore-12.2.0/lib] ==> [/apps/all/libpciaccess/0.17-GCCcore-12.2.0/lib]
  collapse library dir [/apps/all/libxml2/2.10.3-GCCcore-12.2.0/lib] ==> [/apps/all/libxml2/2.10.3-GCCcore-12.2.0/lib]
  collapse library dir [/apps/all/libarchive/3.6.1-GCCcore-12.2.0/lib] ==> [/apps/all/libarchive/3.6.1-GCCcore-12.2.0/lib]
  collapse library dir [/apps/all/cURL/7.86.0-GCCcore-12.2.0/lib] ==> [/apps/all/cURL/7.86.0-GCCcore-12.2.0/lib]
  collapse library dir [/apps/all/Python/3.10.8-GCCcore-12.2.0/lib] ==> [/apps/all/Python/3.10.8-GCCcore-12.2.0/lib]
  collapse library dir [/apps/all/libffi/3.4.4-GCCcore-12.2.0/lib64] ==> [/apps/all/libffi/3.4.4-GCCcore-12.2.0/lib64]
  collapse library dir [/apps/all/libffi/3.4.4-GCCcore-12.2.0/lib] ==> [/apps/all/libffi/3.4.4-GCCcore-12.2.0/lib]
  collapse library dir [/apps/all/GMP/6.2.1-GCCcore-12.2.0/lib] ==> [/apps/all/GMP/6.2.1-GCCcore-12.2.0/lib]
  collapse library dir [/apps/all/XZ/5.2.7-GCCcore-12.2.0/lib] ==> [/apps/all/XZ/5.2.7-GCCcore-12.2.0/lib]
  collapse library dir [/apps/all/SQLite/3.39.4-GCCcore-12.2.0/lib] ==> [/apps/all/SQLite/3.39.4-GCCcore-12.2.0/lib]
  collapse library dir [/apps/all/Tcl/8.6.12-GCCcore-12.2.0/lib] ==> [/apps/all/Tcl/8.6.12-GCCcore-12.2.0/lib]
  collapse library dir [/apps/all/libreadline/8.2-GCCcore-12.2.0/lib] ==> [/apps/all/libreadline/8.2-GCCcore-12.2.0/lib]
  collapse library dir [/apps/all/ncurses/6.3-GCCcore-12.2.0/lib] ==> [/apps/all/ncurses/6.3-GCCcore-12.2.0/lib]
  collapse library dir [/apps/all/bzip2/1.0.8-GCCcore-12.2.0/lib] ==> [/apps/all/bzip2/1.0.8-GCCcore-12.2.0/lib]
  collapse library dir [/apps/all/NVHPC/24.3-CUDA-12.3.0/Linux_x86_64/24.3/compilers/lib] ==> [/apps/all/NVHPC/24.3-CUDA-12.3.0/Linux_x86_64/24.3/compilers/lib]
  collapse library dir [/apps/all/CUDA/12.3.0/stubs/lib64] ==> [/apps/all/CUDA/12.3.0/stubs/lib64]
  collapse library dir [/apps/all/CUDA/12.3.0/lib] ==> [/apps/all/CUDA/12.3.0/lib]
  collapse library dir [/apps/all/numactl/2.0.16-GCCcore-12.2.0/lib] ==> [/apps/all/numactl/2.0.16-GCCcore-12.2.0/lib]
  collapse library dir [/apps/all/binutils/2.39-GCCcore-12.2.0/lib] ==> [/apps/all/binutils/2.39-GCCcore-12.2.0/lib]
  collapse library dir [/apps/all/zlib/1.2.12-GCCcore-12.2.0/lib] ==> [/apps/all/zlib/1.2.12-GCCcore-12.2.0/lib]
  collapse library dir [/apps/all/NVHPC/24.3-CUDA-12.3.0/Linux_x86_64/24.3/compilers/lib] ==> [/apps/all/NVHPC/24.3-CUDA-12.3.0/Linux_x86_64/24.3/compilers/lib]
  collapse library dir [/usr/lib64] ==> [/usr/lib64]
  collapse library dir [/apps/all/GCCcore/12.2.0/lib/gcc/x86_64-pc-linux-gnu/12.2.0/] ==> [/apps/all/GCCcore/12.2.0/lib/gcc/x86_64-pc-linux-gnu/12.2.0]
  collapse library dir [/apps/all/GCCcore/12.2.0/lib/gcc/x86_64-pc-linux-gnu/12.2.0//../../../../lib64] ==> [/apps/all/GCCcore/12.2.0/lib64]
  implicit libs: [atomic;nvhpcatm;stdc++;nvomp;dl;nvhpcatm;atomic;pthread;nvcpumath-avx2;nsnvc;nvc;gcc;c;gcc_s;m]
  implicit objs: [/usr/lib64/crt1.o;/usr/lib64/crti.o;/apps/all/GCCcore/12.2.0/lib/gcc/x86_64-pc-linux-gnu/12.2.0/crtbegin.o;/apps/all/GCCcore/12.2.0/lib/gcc/x86_64-pc-linux-gnu/12.2.0/crtend.o;/usr/lib64/crtn.o]
  implicit dirs: [/apps/all/HDF5/1.14.3-NVHPC-24.3-CUDA-12.3.0/lib;/apps/all/Szip/2.1.1-GCCcore-12.2.0/lib;/apps/all/OpenMPI/4.1.6-NVHPC-24.3-CUDA-12.3.0/lib;/apps/all/UCC-CUDA/1.3.0-GCCcore-12.2.0-CUDA-12.3.0/lib;/apps/all/NCCL/2.21.5-GCCcore-12.2.0-CUDA-12.3.0/lib;/apps/all/UCC/1.3.0-GCCcore-12.2.0/lib;/apps/all/PMIx/4.2.2-GCCcore-12.2.0/lib;/apps/all/libfabric/1.16.1-GCCcore-12.2.0/lib;/apps/all/GDRCopy/2.4.1-GCCcore-12.2.0/lib;/apps/all/UCX/1.16.0-GCCcore-12.2.0/lib;/apps/all/libevent/2.1.12-GCCcore-12.2.0/lib;/apps/all/hwloc/2.8.0-GCCcore-12.2.0/lib;/apps/all/libpciaccess/0.17-GCCcore-12.2.0/lib;/apps/all/libxml2/2.10.3-GCCcore-12.2.0/lib;/apps/all/libarchive/3.6.1-GCCcore-12.2.0/lib;/apps/all/cURL/7.86.0-GCCcore-12.2.0/lib;/apps/all/Python/3.10.8-GCCcore-12.2.0/lib;/apps/all/libffi/3.4.4-GCCcore-12.2.0/lib64;/apps/all/libffi/3.4.4-GCCcore-12.2.0/lib;/apps/all/GMP/6.2.1-GCCcore-12.2.0/lib;/apps/all/XZ/5.2.7-GCCcore-12.2.0/lib;/apps/all/SQLite/3.39.4-GCCcore-12.2.0/lib;/apps/all/Tcl/8.6.12-GCCcore-12.2.0/lib;/apps/all/libreadline/8.2-GCCcore-12.2.0/lib;/apps/all/ncurses/6.3-GCCcore-12.2.0/lib;/apps/all/bzip2/1.0.8-GCCcore-12.2.0/lib;/apps/all/NVHPC/24.3-CUDA-12.3.0/Linux_x86_64/24.3/compilers/lib;/apps/all/CUDA/12.3.0/stubs/lib64;/apps/all/CUDA/12.3.0/lib;/apps/all/numactl/2.0.16-GCCcore-12.2.0/lib;/apps/all/binutils/2.39-GCCcore-12.2.0/lib;/apps/all/zlib/1.2.12-GCCcore-12.2.0/lib;/usr/lib64;/apps/all/GCCcore/12.2.0/lib/gcc/x86_64-pc-linux-gnu/12.2.0;/apps/all/GCCcore/12.2.0/lib64]
  implicit fwks: []


